{"C:\\Users\\devsh\\Downloads\\dinesmart\\dinesmart-backend\\src\\infrastructure\\db\\models\\Restaurant.js":{"path":"C:\\Users\\devsh\\Downloads\\dinesmart\\dinesmart-backend\\src\\infrastructure\\db\\models\\Restaurant.js","statementMap":{"0":{"start":{"line":1,"column":17},"end":{"line":1,"column":36}},"1":{"start":{"line":3,"column":25},"end":{"line":45,"column":2}},"2":{"start":{"line":47,"column":0},"end":{"line":47,"column":64}}},"fnMap":{},"branchMap":{},"s":{"0":1,"1":1,"2":1},"f":{},"b":{},"_coverageSchema":"1a1c01bbd47fc00a2c39e90264f33305004495a9","hash":"ad10c2c24ea00ec9eb318864d82d516254fa38ea","contentHash":"af8811adc4f7c0a95a2825ee41873ed11300925803f64203484649f6861e6cd3"},"C:\\Users\\devsh\\Downloads\\dinesmart\\dinesmart-backend\\src\\infrastructure\\db\\models\\User.js":{"path":"C:\\Users\\devsh\\Downloads\\dinesmart\\dinesmart-backend\\src\\infrastructure\\db\\models\\User.js","statementMap":{"0":{"start":{"line":1,"column":17},"end":{"line":1,"column":36}},"1":{"start":{"line":2,"column":15},"end":{"line":2,"column":34}},"2":{"start":{"line":4,"column":19},"end":{"line":60,"column":2}},"3":{"start":{"line":41,"column":12},"end":{"line":41,"column":46}},"4":{"start":{"line":62,"column":0},"end":{"line":68,"column":3}},"5":{"start":{"line":63,"column":4},"end":{"line":65,"column":5}},"6":{"start":{"line":64,"column":8},"end":{"line":64,"column":15}},"7":{"start":{"line":66,"column":17},"end":{"line":66,"column":41}},"8":{"start":{"line":67,"column":4},"end":{"line":67,"column":59}},"9":{"start":{"line":70,"column":0},"end":{"line":72,"column":2}},"10":{"start":{"line":71,"column":4},"end":{"line":71,"column":66}},"11":{"start":{"line":77,"column":0},"end":{"line":86,"column":2}},"12":{"start":{"line":89,"column":0},"end":{"line":97,"column":2}},"13":{"start":{"line":99,"column":0},"end":{"line":99,"column":52}}},"fnMap":{"0":{"name":"(anonymous_0)","decl":{"start":{"line":40,"column":18},"end":{"line":40,"column":19}},"loc":{"start":{"line":40,"column":30},"end":{"line":42,"column":9}},"line":40},"1":{"name":"(anonymous_1)","decl":{"start":{"line":62,"column":23},"end":{"line":62,"column":24}},"loc":{"start":{"line":62,"column":41},"end":{"line":68,"column":1}},"line":62},"2":{"name":"(anonymous_2)","decl":{"start":{"line":70,"column":37},"end":{"line":70,"column":38}},"loc":{"start":{"line":70,"column":72},"end":{"line":72,"column":1}},"line":70}},"branchMap":{"0":{"loc":{"start":{"line":63,"column":4},"end":{"line":65,"column":5}},"type":"if","locations":[{"start":{"line":63,"column":4},"end":{"line":65,"column":5}},{"start":{},"end":{}}],"line":63}},"s":{"0":1,"1":1,"2":1,"3":66,"4":1,"5":66,"6":2,"7":64,"8":64,"9":1,"10":3,"11":1,"12":1,"13":1},"f":{"0":66,"1":66,"2":3},"b":{"0":[2,64]},"_coverageSchema":"1a1c01bbd47fc00a2c39e90264f33305004495a9","hash":"de142e6cf4d7fbf7635d387909a3630f465dfd4f","contentHash":"194c347e872d698a1324fb86da2abafd2a1e50e5501946478344ea166ffde653"},"C:\\Users\\devsh\\Downloads\\dinesmart\\dinesmart-backend\\src\\infrastructure\\db\\models\\Category.js":{"path":"C:\\Users\\devsh\\Downloads\\dinesmart\\dinesmart-backend\\src\\infrastructure\\db\\models\\Category.js","statementMap":{"0":{"start":{"line":1,"column":17},"end":{"line":1,"column":36}},"1":{"start":{"line":3,"column":23},"end":{"line":37,"column":2}},"2":{"start":{"line":40,"column":0},"end":{"line":49,"column":3}},"3":{"start":{"line":41,"column":4},"end":{"line":48,"column":5}},"4":{"start":{"line":42,"column":8},"end":{"line":47,"column":20}},"5":{"start":{"line":52,"column":0},"end":{"line":52,"column":69}},"6":{"start":{"line":54,"column":0},"end":{"line":54,"column":60}}},"fnMap":{"0":{"name":"(anonymous_0)","decl":{"start":{"line":40,"column":27},"end":{"line":40,"column":28}},"loc":{"start":{"line":40,"column":39},"end":{"line":49,"column":1}},"line":40}},"branchMap":{"0":{"loc":{"start":{"line":41,"column":4},"end":{"line":48,"column":5}},"type":"if","locations":[{"start":{"line":41,"column":4},"end":{"line":48,"column":5}},{"start":{},"end":{}}],"line":41}},"s":{"0":1,"1":1,"2":1,"3":26,"4":26,"5":1,"6":1},"f":{"0":26},"b":{"0":[26,0]},"_coverageSchema":"1a1c01bbd47fc00a2c39e90264f33305004495a9","hash":"273b1adf2015a7c28b5392dbfbc0a08be90dc9df","contentHash":"261fedad36b6d0459021902d410226573c7794833de47ec8ed27645e54ba134f"},"C:\\Users\\devsh\\Downloads\\dinesmart\\dinesmart-backend\\src\\infrastructure\\db\\models\\MenuItem.js":{"path":"C:\\Users\\devsh\\Downloads\\dinesmart\\dinesmart-backend\\src\\infrastructure\\db\\models\\MenuItem.js","statementMap":{"0":{"start":{"line":1,"column":17},"end":{"line":1,"column":36}},"1":{"start":{"line":3,"column":23},"end":{"line":52,"column":2}},"2":{"start":{"line":55,"column":0},"end":{"line":67,"column":3}},"3":{"start":{"line":56,"column":4},"end":{"line":66,"column":5}},"4":{"start":{"line":57,"column":22},"end":{"line":59,"column":10}},"5":{"start":{"line":60,"column":23},"end":{"line":64,"column":28}},"6":{"start":{"line":62,"column":22},"end":{"line":62,"column":47}},"7":{"start":{"line":65,"column":8},"end":{"line":65,"column":73}},"8":{"start":{"line":69,"column":0},"end":{"line":69,"column":42}},"9":{"start":{"line":70,"column":0},"end":{"line":70,"column":57}},"10":{"start":{"line":72,"column":0},"end":{"line":72,"column":60}}},"fnMap":{"0":{"name":"(anonymous_0)","decl":{"start":{"line":55,"column":27},"end":{"line":55,"column":28}},"loc":{"start":{"line":55,"column":45},"end":{"line":67,"column":1}},"line":55},"1":{"name":"(anonymous_1)","decl":{"start":{"line":62,"column":17},"end":{"line":62,"column":18}},"loc":{"start":{"line":62,"column":22},"end":{"line":62,"column":47}},"line":62}},"branchMap":{"0":{"loc":{"start":{"line":56,"column":4},"end":{"line":66,"column":5}},"type":"if","locations":[{"start":{"line":56,"column":4},"end":{"line":66,"column":5}},{"start":{},"end":{}}],"line":56},"1":{"loc":{"start":{"line":56,"column":8},"end":{"line":56,"column":32}},"type":"binary-expr","locations":[{"start":{"line":56,"column":8},"end":{"line":56,"column":18}},{"start":{"line":56,"column":22},"end":{"line":56,"column":32}}],"line":56}},"s":{"0":1,"1":1,"2":1,"3":18,"4":17,"5":17,"6":50,"7":17,"8":1,"9":1,"10":1},"f":{"0":18,"1":50},"b":{"0":[17,1],"1":[18,17]},"_coverageSchema":"1a1c01bbd47fc00a2c39e90264f33305004495a9","hash":"f4ada54e668a94e4f401600b458fb1b3efee885d","contentHash":"292dc65c4cce8e35c35ba833820b91c37336bb191dd9f7c3979e6d8526453382"},"C:\\Users\\devsh\\Downloads\\dinesmart\\dinesmart-backend\\src\\infrastructure\\db\\models\\Table.js":{"path":"C:\\Users\\devsh\\Downloads\\dinesmart\\dinesmart-backend\\src\\infrastructure\\db\\models\\Table.js","statementMap":{"0":{"start":{"line":1,"column":17},"end":{"line":1,"column":36}},"1":{"start":{"line":3,"column":20},"end":{"line":28,"column":2}},"2":{"start":{"line":31,"column":0},"end":{"line":31,"column":68}},"3":{"start":{"line":33,"column":0},"end":{"line":33,"column":54}}},"fnMap":{},"branchMap":{},"s":{"0":1,"1":1,"2":1,"3":1},"f":{},"b":{},"_coverageSchema":"1a1c01bbd47fc00a2c39e90264f33305004495a9","hash":"ba2cca55cf9ad1d29c5ad3be04d582859bf38f36","contentHash":"62631654eb8fbaf860b943f0f4218dcd666baa9803420f5f04e5071ac16e7614"},"C:\\Users\\devsh\\Downloads\\dinesmart\\dinesmart-backend\\src\\infrastructure\\db\\models\\Order.js":{"path":"C:\\Users\\devsh\\Downloads\\dinesmart\\dinesmart-backend\\src\\infrastructure\\db\\models\\Order.js","statementMap":{"0":{"start":{"line":1,"column":17},"end":{"line":1,"column":36}},"1":{"start":{"line":2,"column":0},"end":{"line":2,"column":21}},"2":{"start":{"line":4,"column":24},"end":{"line":33,"column":2}},"3":{"start":{"line":35,"column":20},"end":{"line":122,"column":2}},"4":{"start":{"line":126,"column":0},"end":{"line":151,"column":3}},"5":{"start":{"line":127,"column":4},"end":{"line":150,"column":5}},"6":{"start":{"line":128,"column":22},"end":{"line":128,"column":32}},"7":{"start":{"line":129,"column":24},"end":{"line":129,"column":74}},"8":{"start":{"line":130,"column":27},"end":{"line":130,"column":74}},"9":{"start":{"line":132,"column":8},"end":{"line":149,"column":9}},"10":{"start":{"line":134,"column":28},"end":{"line":134,"column":53}},"11":{"start":{"line":135,"column":28},"end":{"line":139,"column":13}},"12":{"start":{"line":141,"column":12},"end":{"line":141,"column":90}},"13":{"start":{"line":144,"column":26},"end":{"line":147,"column":14}},"14":{"start":{"line":148,"column":12},"end":{"line":148,"column":86}},"15":{"start":{"line":154,"column":0},"end":{"line":154,"column":87}},"16":{"start":{"line":156,"column":0},"end":{"line":156,"column":54}}},"fnMap":{"0":{"name":"(anonymous_0)","decl":{"start":{"line":126,"column":24},"end":{"line":126,"column":25}},"loc":{"start":{"line":126,"column":42},"end":{"line":151,"column":1}},"line":126}},"branchMap":{"0":{"loc":{"start":{"line":127,"column":4},"end":{"line":150,"column":5}},"type":"if","locations":[{"start":{"line":127,"column":4},"end":{"line":150,"column":5}},{"start":{},"end":{}}],"line":127},"1":{"loc":{"start":{"line":127,"column":8},"end":{"line":127,"column":39}},"type":"binary-expr","locations":[{"start":{"line":127,"column":8},"end":{"line":127,"column":18}},{"start":{"line":127,"column":22},"end":{"line":127,"column":39}}],"line":127}},"s":{"0":1,"1":1,"2":1,"3":1,"4":1,"5":9,"6":1,"7":1,"8":1,"9":1,"10":1,"11":1,"12":1,"13":0,"14":0,"15":1,"16":1},"f":{"0":9},"b":{"0":[1,8],"1":[9,8]},"_coverageSchema":"1a1c01bbd47fc00a2c39e90264f33305004495a9","hash":"b1f0f3bcdcc7a9f2a54a2dad50d8b25b7fa7c4fe","contentHash":"4974d1d272bfaebd8a69676e24cd307fd4adbe24b71dccfb1d7fbbfc91c115c8"},"C:\\Users\\devsh\\Downloads\\dinesmart\\dinesmart-backend\\src\\infrastructure\\db\\models\\Counter.js":{"path":"C:\\Users\\devsh\\Downloads\\dinesmart\\dinesmart-backend\\src\\infrastructure\\db\\models\\Counter.js","statementMap":{"0":{"start":{"line":1,"column":17},"end":{"line":1,"column":36}},"1":{"start":{"line":3,"column":22},"end":{"line":14,"column":2}},"2":{"start":{"line":16,"column":0},"end":{"line":16,"column":58}}},"fnMap":{},"branchMap":{},"s":{"0":1,"1":1,"2":1},"f":{},"b":{},"_coverageSchema":"1a1c01bbd47fc00a2c39e90264f33305004495a9","hash":"8fb194078d79da80550ded4093b882d35b2a295d","contentHash":"2bcef45d76d26d1eddbb95b4503b1db95cdeb79ccf46ed7f09fc978b456d66fe"},"C:\\Users\\devsh\\Downloads\\dinesmart\\dinesmart-backend\\src\\app.js":{"path":"C:\\Users\\devsh\\Downloads\\dinesmart\\dinesmart-backend\\src\\app.js","statementMap":{"0":{"start":{"line":1,"column":16},"end":{"line":1,"column":34}},"1":{"start":{"line":2,"column":21},"end":{"line":2,"column":45}},"2":{"start":{"line":3,"column":13},"end":{"line":3,"column":28}},"3":{"start":{"line":4,"column":15},"end":{"line":4,"column":32}},"4":{"start":{"line":5,"column":25},"end":{"line":5,"column":82}},"5":{"start":{"line":6,"column":19},"end":{"line":6,"column":66}},"6":{"start":{"line":7,"column":23},"end":{"line":7,"column":74}},"7":{"start":{"line":8,"column":23},"end":{"line":8,"column":74}},"8":{"start":{"line":9,"column":20},"end":{"line":9,"column":68}},"9":{"start":{"line":10,"column":20},"end":{"line":10,"column":68}},"10":{"start":{"line":11,"column":25},"end":{"line":11,"column":78}},"11":{"start":{"line":12,"column":22},"end":{"line":12,"column":72}},"12":{"start":{"line":13,"column":25},"end":{"line":13,"column":78}},"13":{"start":{"line":14,"column":27},"end":{"line":14,"column":82}},"14":{"start":{"line":15,"column":20},"end":{"line":15,"column":68}},"15":{"start":{"line":16,"column":24},"end":{"line":16,"column":76}},"16":{"start":{"line":17,"column":25},"end":{"line":17,"column":78}},"17":{"start":{"line":18,"column":22},"end":{"line":18,"column":72}},"18":{"start":{"line":19,"column":27},"end":{"line":19,"column":82}},"19":{"start":{"line":20,"column":20},"end":{"line":20,"column":68}},"20":{"start":{"line":21,"column":27},"end":{"line":21,"column":82}},"21":{"start":{"line":22,"column":23},"end":{"line":22,"column":74}},"22":{"start":{"line":23,"column":22},"end":{"line":23,"column":72}},"23":{"start":{"line":26,"column":0},"end":{"line":26,"column":16}},"24":{"start":{"line":28,"column":12},"end":{"line":28,"column":21}},"25":{"start":{"line":31,"column":0},"end":{"line":34,"column":4}},"26":{"start":{"line":37,"column":0},"end":{"line":37,"column":24}},"27":{"start":{"line":40,"column":0},"end":{"line":40,"column":24}},"28":{"start":{"line":43,"column":0},"end":{"line":43,"column":33}},"29":{"start":{"line":44,"column":0},"end":{"line":44,"column":43}},"30":{"start":{"line":45,"column":0},"end":{"line":45,"column":43}},"31":{"start":{"line":46,"column":0},"end":{"line":46,"column":36}},"32":{"start":{"line":47,"column":0},"end":{"line":47,"column":36}},"33":{"start":{"line":48,"column":0},"end":{"line":48,"column":46}},"34":{"start":{"line":49,"column":0},"end":{"line":49,"column":40}},"35":{"start":{"line":50,"column":0},"end":{"line":50,"column":46}},"36":{"start":{"line":51,"column":0},"end":{"line":51,"column":50}},"37":{"start":{"line":52,"column":0},"end":{"line":52,"column":35}},"38":{"start":{"line":53,"column":0},"end":{"line":53,"column":43}},"39":{"start":{"line":54,"column":0},"end":{"line":54,"column":45}},"40":{"start":{"line":55,"column":0},"end":{"line":55,"column":39}},"41":{"start":{"line":56,"column":0},"end":{"line":56,"column":50}},"42":{"start":{"line":57,"column":0},"end":{"line":57,"column":35}},"43":{"start":{"line":58,"column":0},"end":{"line":58,"column":50}},"44":{"start":{"line":59,"column":0},"end":{"line":59,"column":41}},"45":{"start":{"line":60,"column":0},"end":{"line":60,"column":41}},"46":{"start":{"line":63,"column":0},"end":{"line":68,"column":3}},"47":{"start":{"line":64,"column":4},"end":{"line":67,"column":7}},"48":{"start":{"line":71,"column":0},"end":{"line":71,"column":22}},"49":{"start":{"line":73,"column":0},"end":{"line":73,"column":21}}},"fnMap":{"0":{"name":"(anonymous_0)","decl":{"start":{"line":63,"column":13},"end":{"line":63,"column":14}},"loc":{"start":{"line":63,"column":27},"end":{"line":68,"column":1}},"line":63}},"branchMap":{"0":{"loc":{"start":{"line":32,"column":12},"end":{"line":32,"column":63}},"type":"binary-expr","locations":[{"start":{"line":32,"column":12},"end":{"line":32,"column":36}},{"start":{"line":32,"column":40},"end":{"line":32,"column":63}}],"line":32}},"s":{"0":1,"1":1,"2":1,"3":1,"4":1,"5":1,"6":1,"7":1,"8":1,"9":1,"10":1,"11":1,"12":1,"13":1,"14":1,"15":1,"16":1,"17":1,"18":1,"19":1,"20":1,"21":1,"22":1,"23":1,"24":1,"25":1,"26":1,"27":1,"28":1,"29":1,"30":1,"31":1,"32":1,"33":1,"34":1,"35":1,"36":1,"37":1,"38":1,"39":1,"40":1,"41":1,"42":1,"43":1,"44":1,"45":1,"46":1,"47":0,"48":1,"49":1},"f":{"0":0},"b":{"0":[1,0]},"_coverageSchema":"1a1c01bbd47fc00a2c39e90264f33305004495a9","hash":"6ad139886df73c63ed65376e824ce3d3f3d5fccd","contentHash":"dde3dafd5943fe5c9e6270198f761cce17d02b272a16f2d520ec6be00febe347"},"C:\\Users\\devsh\\Downloads\\dinesmart\\dinesmart-backend\\src\\interfaces\\http\\middlewares\\error.middleware.js":{"path":"C:\\Users\\devsh\\Downloads\\dinesmart\\dinesmart-backend\\src\\interfaces\\http\\middlewares\\error.middleware.js","statementMap":{"0":{"start":{"line":1,"column":21},"end":{"line":1,"column":54}},"1":{"start":{"line":5,"column":8},"end":{"line":5,"column":23}},"2":{"start":{"line":6,"column":8},"end":{"line":6,"column":37}},"3":{"start":{"line":10,"column":21},"end":{"line":44,"column":1}},"4":{"start":{"line":11,"column":16},"end":{"line":11,"column":26}},"5":{"start":{"line":12,"column":4},"end":{"line":12,"column":32}},"6":{"start":{"line":14,"column":4},"end":{"line":14,"column":23}},"7":{"start":{"line":17,"column":4},"end":{"line":22,"column":5}},"8":{"start":{"line":18,"column":8},"end":{"line":21,"column":11}},"9":{"start":{"line":24,"column":4},"end":{"line":27,"column":5}},"10":{"start":{"line":25,"column":24},"end":{"line":25,"column":68}},"11":{"start":{"line":26,"column":8},"end":{"line":26,"column":48}},"12":{"start":{"line":29,"column":4},"end":{"line":32,"column":5}},"13":{"start":{"line":30,"column":24},"end":{"line":30,"column":55}},"14":{"start":{"line":31,"column":8},"end":{"line":31,"column":48}},"15":{"start":{"line":34,"column":4},"end":{"line":37,"column":5}},"16":{"start":{"line":35,"column":24},"end":{"line":35,"column":75}},"17":{"start":{"line":35,"column":63},"end":{"line":35,"column":74}},"18":{"start":{"line":36,"column":8},"end":{"line":36,"column":48}},"19":{"start":{"line":39,"column":4},"end":{"line":43,"column":7}},"20":{"start":{"line":46,"column":0},"end":{"line":46,"column":49}}},"fnMap":{"0":{"name":"(anonymous_0)","decl":{"start":{"line":4,"column":4},"end":{"line":4,"column":5}},"loc":{"start":{"line":4,"column":37},"end":{"line":7,"column":5}},"line":4},"1":{"name":"(anonymous_1)","decl":{"start":{"line":10,"column":21},"end":{"line":10,"column":22}},"loc":{"start":{"line":10,"column":46},"end":{"line":44,"column":1}},"line":10},"2":{"name":"(anonymous_2)","decl":{"start":{"line":35,"column":54},"end":{"line":35,"column":55}},"loc":{"start":{"line":35,"column":63},"end":{"line":35,"column":74}},"line":35}},"branchMap":{"0":{"loc":{"start":{"line":17,"column":4},"end":{"line":22,"column":5}},"type":"if","locations":[{"start":{"line":17,"column":4},"end":{"line":22,"column":5}},{"start":{},"end":{}}],"line":17},"1":{"loc":{"start":{"line":24,"column":4},"end":{"line":27,"column":5}},"type":"if","locations":[{"start":{"line":24,"column":4},"end":{"line":27,"column":5}},{"start":{},"end":{}}],"line":24},"2":{"loc":{"start":{"line":29,"column":4},"end":{"line":32,"column":5}},"type":"if","locations":[{"start":{"line":29,"column":4},"end":{"line":32,"column":5}},{"start":{},"end":{}}],"line":29},"3":{"loc":{"start":{"line":34,"column":4},"end":{"line":37,"column":5}},"type":"if","locations":[{"start":{"line":34,"column":4},"end":{"line":37,"column":5}},{"start":{},"end":{}}],"line":34},"4":{"loc":{"start":{"line":39,"column":15},"end":{"line":39,"column":38}},"type":"binary-expr","locations":[{"start":{"line":39,"column":15},"end":{"line":39,"column":31}},{"start":{"line":39,"column":35},"end":{"line":39,"column":38}}],"line":39},"5":{"loc":{"start":{"line":41,"column":17},"end":{"line":41,"column":48}},"type":"binary-expr","locations":[{"start":{"line":41,"column":17},"end":{"line":41,"column":30}},{"start":{"line":41,"column":34},"end":{"line":41,"column":48}}],"line":41},"6":{"loc":{"start":{"line":42,"column":16},"end":{"line":42,"column":36}},"type":"binary-expr","locations":[{"start":{"line":42,"column":16},"end":{"line":42,"column":28}},{"start":{"line":42,"column":32},"end":{"line":42,"column":36}}],"line":42}},"s":{"0":1,"1":11,"2":11,"3":1,"4":18,"5":18,"6":18,"7":18,"8":7,"9":11,"10":0,"11":0,"12":11,"13":0,"14":0,"15":11,"16":0,"17":0,"18":0,"19":11,"20":1},"f":{"0":11,"1":18,"2":0},"b":{"0":[7,11],"1":[0,11],"2":[0,11],"3":[0,11],"4":[11,0],"5":[11,0],"6":[11,11]},"_coverageSchema":"1a1c01bbd47fc00a2c39e90264f33305004495a9","hash":"b82cda951aaa5d5a45f884b55ccb2a39fb9ec0f5","contentHash":"57f2a03a55de7a597dfdcc2914693ed227fb5ccd2b0dbc0a3cd990290d7bfcd7"},"C:\\Users\\devsh\\Downloads\\dinesmart\\dinesmart-backend\\src\\shared\\errors\\index.js":{"path":"C:\\Users\\devsh\\Downloads\\dinesmart\\dinesmart-backend\\src\\shared\\errors\\index.js","statementMap":{"0":{"start":{"line":1,"column":0},"end":{"line":1,"column":39}}},"fnMap":{},"branchMap":{},"s":{"0":1},"f":{},"b":{},"_coverageSchema":"1a1c01bbd47fc00a2c39e90264f33305004495a9","hash":"46cee2d01fc72e66291d3878c14e16a1d1d107d3","contentHash":"a0feda3c563b10879bc4201ea669282e175067d29452aed5246ae57b7144e245"},"C:\\Users\\devsh\\Downloads\\dinesmart\\dinesmart-backend\\src\\shared\\errors\\AppError.js":{"path":"C:\\Users\\devsh\\Downloads\\dinesmart\\dinesmart-backend\\src\\shared\\errors\\AppError.js","statementMap":{"0":{"start":{"line":8,"column":4},"end":{"line":8,"column":19}},"1":{"start":{"line":9,"column":4},"end":{"line":9,"column":38}},"2":{"start":{"line":10,"column":4},"end":{"line":10,"column":33}},"3":{"start":{"line":11,"column":4},"end":{"line":11,"column":30}},"4":{"start":{"line":12,"column":4},"end":{"line":12,"column":52}},"5":{"start":{"line":18,"column":4},"end":{"line":18,"column":24}},"6":{"start":{"line":24,"column":4},"end":{"line":24,"column":24}},"7":{"start":{"line":30,"column":4},"end":{"line":30,"column":24}},"8":{"start":{"line":36,"column":4},"end":{"line":36,"column":24}},"9":{"start":{"line":42,"column":4},"end":{"line":42,"column":24}},"10":{"start":{"line":46,"column":0},"end":{"line":53,"column":2}}},"fnMap":{"0":{"name":"(anonymous_0)","decl":{"start":{"line":7,"column":2},"end":{"line":7,"column":3}},"loc":{"start":{"line":7,"column":41},"end":{"line":13,"column":3}},"line":7},"1":{"name":"(anonymous_1)","decl":{"start":{"line":17,"column":2},"end":{"line":17,"column":3}},"loc":{"start":{"line":17,"column":46},"end":{"line":19,"column":3}},"line":17},"2":{"name":"(anonymous_2)","decl":{"start":{"line":23,"column":2},"end":{"line":23,"column":3}},"loc":{"start":{"line":23,"column":45},"end":{"line":25,"column":3}},"line":23},"3":{"name":"(anonymous_3)","decl":{"start":{"line":29,"column":2},"end":{"line":29,"column":3}},"loc":{"start":{"line":29,"column":49},"end":{"line":31,"column":3}},"line":29},"4":{"name":"(anonymous_4)","decl":{"start":{"line":35,"column":2},"end":{"line":35,"column":3}},"loc":{"start":{"line":35,"column":41},"end":{"line":37,"column":3}},"line":35},"5":{"name":"(anonymous_5)","decl":{"start":{"line":41,"column":2},"end":{"line":41,"column":3}},"loc":{"start":{"line":41,"column":51},"end":{"line":43,"column":3}},"line":41}},"branchMap":{"0":{"loc":{"start":{"line":7,"column":23},"end":{"line":7,"column":39}},"type":"default-arg","locations":[{"start":{"line":7,"column":36},"end":{"line":7,"column":39}}],"line":7},"1":{"loc":{"start":{"line":17,"column":14},"end":{"line":17,"column":44}},"type":"default-arg","locations":[{"start":{"line":17,"column":24},"end":{"line":17,"column":44}}],"line":17},"2":{"loc":{"start":{"line":23,"column":14},"end":{"line":23,"column":43}},"type":"default-arg","locations":[{"start":{"line":23,"column":24},"end":{"line":23,"column":43}}],"line":23},"3":{"loc":{"start":{"line":29,"column":14},"end":{"line":29,"column":47}},"type":"default-arg","locations":[{"start":{"line":29,"column":24},"end":{"line":29,"column":47}}],"line":29},"4":{"loc":{"start":{"line":35,"column":14},"end":{"line":35,"column":39}},"type":"default-arg","locations":[{"start":{"line":35,"column":24},"end":{"line":35,"column":39}}],"line":35},"5":{"loc":{"start":{"line":41,"column":14},"end":{"line":41,"column":49}},"type":"default-arg","locations":[{"start":{"line":41,"column":24},"end":{"line":41,"column":49}}],"line":41}},"s":{"0":7,"1":7,"2":7,"3":7,"4":7,"5":3,"6":0,"7":2,"8":2,"9":0,"10":1},"f":{"0":7,"1":3,"2":0,"3":2,"4":2,"5":0},"b":{"0":[0],"1":[0],"2":[0],"3":[0],"4":[0],"5":[0]},"_coverageSchema":"1a1c01bbd47fc00a2c39e90264f33305004495a9","hash":"d8c5ba5a1eeadbf5582cbc091712ba5698e07df3","contentHash":"b19e9e09cbb4a6168a99e80bbf96928e9a42b2319fb734e5e35d613a57cd148f"},"C:\\Users\\devsh\\Downloads\\dinesmart\\dinesmart-backend\\src\\interfaces\\http\\routes\\auth.routes.js":{"path":"C:\\Users\\devsh\\Downloads\\dinesmart\\dinesmart-backend\\src\\interfaces\\http\\routes\\auth.routes.js","statementMap":{"0":{"start":{"line":1,"column":16},"end":{"line":1,"column":34}},"1":{"start":{"line":2,"column":15},"end":{"line":2,"column":31}},"2":{"start":{"line":3,"column":12},"end":{"line":3,"column":26}},"3":{"start":{"line":4,"column":79},"end":{"line":4,"column":120}},"4":{"start":{"line":5,"column":25},"end":{"line":5,"column":66}},"5":{"start":{"line":6,"column":17},"end":{"line":6,"column":64}},"6":{"start":{"line":8,"column":20},"end":{"line":11,"column":2}},"7":{"start":{"line":13,"column":28},"end":{"line":19,"column":41}},"8":{"start":{"line":21,"column":29},"end":{"line":23,"column":2}},"9":{"start":{"line":25,"column":28},"end":{"line":29,"column":2}},"10":{"start":{"line":31,"column":0},"end":{"line":31,"column":52}},"11":{"start":{"line":32,"column":0},"end":{"line":32,"column":45}},"12":{"start":{"line":33,"column":0},"end":{"line":33,"column":39}},"13":{"start":{"line":34,"column":0},"end":{"line":34,"column":83}},"14":{"start":{"line":35,"column":0},"end":{"line":35,"column":80}},"15":{"start":{"line":36,"column":0},"end":{"line":36,"column":77}},"16":{"start":{"line":38,"column":0},"end":{"line":38,"column":24}}},"fnMap":{},"branchMap":{},"s":{"0":1,"1":1,"2":1,"3":1,"4":1,"5":1,"6":1,"7":1,"8":1,"9":1,"10":1,"11":1,"12":1,"13":1,"14":1,"15":1,"16":1},"f":{},"b":{},"_coverageSchema":"1a1c01bbd47fc00a2c39e90264f33305004495a9","hash":"99dc3280fd5a76a8ac5527aae5e0c9dfaa9d0f08","contentHash":"d140806b8be244f20dace720f68bd120ae76713bd74cae6191c8bad0da9e2c52"},"C:\\Users\\devsh\\Downloads\\dinesmart\\dinesmart-backend\\src\\interfaces\\http\\controllers\\auth.controller.js":{"path":"C:\\Users\\devsh\\Downloads\\dinesmart\\dinesmart-backend\\src\\interfaces\\http\\controllers\\auth.controller.js","statementMap":{"0":{"start":{"line":1,"column":11},"end":{"line":1,"column":40}},"1":{"start":{"line":3,"column":20},"end":{"line":3,"column":54}},"2":{"start":{"line":5,"column":25},"end":{"line":11,"column":2}},"3":{"start":{"line":5,"column":46},"end":{"line":11,"column":1}},"4":{"start":{"line":13,"column":0},"end":{"line":19,"column":2}},"5":{"start":{"line":14,"column":2},"end":{"line":18,"column":34}},"6":{"start":{"line":15,"column":19},"end":{"line":15,"column":56}},"7":{"start":{"line":16,"column":4},"end":{"line":16,"column":93}},"8":{"start":{"line":17,"column":4},"end":{"line":17,"column":94}},"9":{"start":{"line":18,"column":20},"end":{"line":18,"column":32}},"10":{"start":{"line":21,"column":0},"end":{"line":27,"column":2}},"11":{"start":{"line":22,"column":2},"end":{"line":26,"column":34}},"12":{"start":{"line":23,"column":4},"end":{"line":23,"column":43}},"13":{"start":{"line":24,"column":4},"end":{"line":24,"column":80}},"14":{"start":{"line":25,"column":4},"end":{"line":25,"column":80}},"15":{"start":{"line":26,"column":20},"end":{"line":26,"column":32}},"16":{"start":{"line":29,"column":0},"end":{"line":34,"column":2}},"17":{"start":{"line":30,"column":2},"end":{"line":33,"column":34}},"18":{"start":{"line":31,"column":17},"end":{"line":31,"column":57}},"19":{"start":{"line":32,"column":4},"end":{"line":32,"column":56}},"20":{"start":{"line":33,"column":20},"end":{"line":33,"column":32}},"21":{"start":{"line":36,"column":0},"end":{"line":41,"column":2}},"22":{"start":{"line":37,"column":2},"end":{"line":40,"column":34}},"23":{"start":{"line":38,"column":17},"end":{"line":38,"column":90}},"24":{"start":{"line":39,"column":4},"end":{"line":39,"column":56}},"25":{"start":{"line":40,"column":20},"end":{"line":40,"column":32}},"26":{"start":{"line":43,"column":0},"end":{"line":48,"column":2}},"27":{"start":{"line":44,"column":2},"end":{"line":47,"column":34}},"28":{"start":{"line":45,"column":19},"end":{"line":45,"column":65}},"29":{"start":{"line":46,"column":4},"end":{"line":46,"column":69}},"30":{"start":{"line":47,"column":20},"end":{"line":47,"column":32}},"31":{"start":{"line":50,"column":0},"end":{"line":55,"column":2}},"32":{"start":{"line":51,"column":2},"end":{"line":54,"column":34}},"33":{"start":{"line":52,"column":19},"end":{"line":52,"column":64}},"34":{"start":{"line":53,"column":4},"end":{"line":53,"column":69}},"35":{"start":{"line":54,"column":20},"end":{"line":54,"column":32}}},"fnMap":{"0":{"name":"(anonymous_0)","decl":{"start":{"line":5,"column":25},"end":{"line":5,"column":26}},"loc":{"start":{"line":5,"column":46},"end":{"line":11,"column":1}},"line":5},"1":{"name":"(anonymous_1)","decl":{"start":{"line":13,"column":16},"end":{"line":13,"column":17}},"loc":{"start":{"line":13,"column":42},"end":{"line":19,"column":1}},"line":13},"2":{"name":"(anonymous_2)","decl":{"start":{"line":21,"column":17},"end":{"line":21,"column":18}},"loc":{"start":{"line":21,"column":43},"end":{"line":27,"column":1}},"line":21},"3":{"name":"(anonymous_3)","decl":{"start":{"line":29,"column":16},"end":{"line":29,"column":17}},"loc":{"start":{"line":29,"column":42},"end":{"line":34,"column":1}},"line":29},"4":{"name":"(anonymous_4)","decl":{"start":{"line":36,"column":24},"end":{"line":36,"column":25}},"loc":{"start":{"line":36,"column":50},"end":{"line":41,"column":1}},"line":36},"5":{"name":"(anonymous_5)","decl":{"start":{"line":43,"column":25},"end":{"line":43,"column":26}},"loc":{"start":{"line":43,"column":51},"end":{"line":48,"column":1}},"line":43},"6":{"name":"(anonymous_6)","decl":{"start":{"line":50,"column":24},"end":{"line":50,"column":25}},"loc":{"start":{"line":50,"column":50},"end":{"line":55,"column":1}},"line":50}},"branchMap":{"0":{"loc":{"start":{"line":3,"column":20},"end":{"line":3,"column":54}},"type":"binary-expr","locations":[{"start":{"line":3,"column":20},"end":{"line":3,"column":43}},{"start":{"line":3,"column":47},"end":{"line":3,"column":54}}],"line":3},"1":{"loc":{"start":{"line":5,"column":26},"end":{"line":5,"column":40}},"type":"default-arg","locations":[{"start":{"line":5,"column":38},"end":{"line":5,"column":40}}],"line":5},"2":{"loc":{"start":{"line":8,"column":12},"end":{"line":8,"column":66}},"type":"cond-expr","locations":[{"start":{"line":8,"column":52},"end":{"line":8,"column":58}},{"start":{"line":8,"column":61},"end":{"line":8,"column":66}}],"line":8}},"s":{"0":1,"1":1,"2":1,"3":3,"4":1,"5":4,"6":4,"7":2,"8":2,"9":2,"10":1,"11":1,"12":1,"13":1,"14":1,"15":0,"16":1,"17":1,"18":1,"19":1,"20":0,"21":1,"22":1,"23":1,"24":1,"25":0,"26":1,"27":1,"28":1,"29":1,"30":0,"31":1,"32":0,"33":0,"34":0,"35":0},"f":{"0":3,"1":4,"2":1,"3":1,"4":1,"5":1,"6":0},"b":{"0":[1,0],"1":[0],"2":[0,3]},"_coverageSchema":"1a1c01bbd47fc00a2c39e90264f33305004495a9","hash":"899f5d7d369463f2cedb3d36aee918f8eb8266e9","contentHash":"f915e87706a23d04f9ef4022faa286eb6d15fc7218c79c2994a7fcc3781e6681"},"C:\\Users\\devsh\\Downloads\\dinesmart\\dinesmart-backend\\src\\config\\di.js":{"path":"C:\\Users\\devsh\\Downloads\\dinesmart\\dinesmart-backend\\src\\config\\di.js","statementMap":{"0":{"start":{"line":11,"column":23},"end":{"line":11,"column":80}},"1":{"start":{"line":12,"column":29},"end":{"line":12,"column":92}},"2":{"start":{"line":13,"column":27},"end":{"line":13,"column":88}},"3":{"start":{"line":14,"column":27},"end":{"line":14,"column":88}},"4":{"start":{"line":15,"column":24},"end":{"line":15,"column":82}},"5":{"start":{"line":16,"column":24},"end":{"line":16,"column":82}},"6":{"start":{"line":17,"column":31},"end":{"line":17,"column":96}},"7":{"start":{"line":18,"column":30},"end":{"line":18,"column":94}},"8":{"start":{"line":19,"column":33},"end":{"line":19,"column":100}},"9":{"start":{"line":20,"column":29},"end":{"line":20,"column":92}},"10":{"start":{"line":21,"column":34},"end":{"line":21,"column":102}},"11":{"start":{"line":22,"column":33},"end":{"line":22,"column":100}},"12":{"start":{"line":23,"column":36},"end":{"line":23,"column":106}},"13":{"start":{"line":24,"column":34},"end":{"line":24,"column":102}},"14":{"start":{"line":25,"column":31},"end":{"line":25,"column":96}},"15":{"start":{"line":26,"column":35},"end":{"line":26,"column":104}},"16":{"start":{"line":27,"column":37},"end":{"line":27,"column":108}},"17":{"start":{"line":28,"column":31},"end":{"line":28,"column":96}},"18":{"start":{"line":31,"column":28},"end":{"line":31,"column":86}},"19":{"start":{"line":32,"column":28},"end":{"line":32,"column":87}},"20":{"start":{"line":35,"column":21},"end":{"line":35,"column":69}},"21":{"start":{"line":36,"column":25},"end":{"line":36,"column":77}},"22":{"start":{"line":37,"column":25},"end":{"line":37,"column":77}},"23":{"start":{"line":38,"column":22},"end":{"line":38,"column":71}},"24":{"start":{"line":39,"column":22},"end":{"line":39,"column":71}},"25":{"start":{"line":40,"column":27},"end":{"line":40,"column":81}},"26":{"start":{"line":41,"column":22},"end":{"line":41,"column":71}},"27":{"start":{"line":42,"column":22},"end":{"line":42,"column":71}},"28":{"start":{"line":43,"column":27},"end":{"line":43,"column":81}},"29":{"start":{"line":44,"column":26},"end":{"line":44,"column":79}},"30":{"start":{"line":45,"column":25},"end":{"line":45,"column":77}},"31":{"start":{"line":46,"column":24},"end":{"line":46,"column":75}},"32":{"start":{"line":47,"column":24},"end":{"line":47,"column":75}},"33":{"start":{"line":48,"column":29},"end":{"line":48,"column":85}},"34":{"start":{"line":49,"column":24},"end":{"line":49,"column":75}},"35":{"start":{"line":50,"column":29},"end":{"line":50,"column":85}},"36":{"start":{"line":51,"column":29},"end":{"line":51,"column":85}},"37":{"start":{"line":52,"column":27},"end":{"line":52,"column":81}},"38":{"start":{"line":55,"column":23},"end":{"line":55,"column":43}},"39":{"start":{"line":56,"column":29},"end":{"line":56,"column":55}},"40":{"start":{"line":57,"column":27},"end":{"line":57,"column":51}},"41":{"start":{"line":58,"column":27},"end":{"line":58,"column":51}},"42":{"start":{"line":59,"column":24},"end":{"line":59,"column":45}},"43":{"start":{"line":60,"column":24},"end":{"line":60,"column":45}},"44":{"start":{"line":61,"column":31},"end":{"line":61,"column":59}},"45":{"start":{"line":62,"column":30},"end":{"line":62,"column":57}},"46":{"start":{"line":63,"column":33},"end":{"line":63,"column":63}},"47":{"start":{"line":64,"column":29},"end":{"line":64,"column":55}},"48":{"start":{"line":65,"column":34},"end":{"line":65,"column":65}},"49":{"start":{"line":66,"column":33},"end":{"line":66,"column":63}},"50":{"start":{"line":67,"column":36},"end":{"line":67,"column":69}},"51":{"start":{"line":68,"column":34},"end":{"line":68,"column":65}},"52":{"start":{"line":69,"column":31},"end":{"line":69,"column":59}},"53":{"start":{"line":70,"column":35},"end":{"line":70,"column":67}},"54":{"start":{"line":71,"column":37},"end":{"line":71,"column":71}},"55":{"start":{"line":72,"column":31},"end":{"line":72,"column":59}},"56":{"start":{"line":75,"column":21},"end":{"line":80,"column":2}},"57":{"start":{"line":82,"column":25},"end":{"line":85,"column":2}},"58":{"start":{"line":87,"column":25},"end":{"line":90,"column":2}},"59":{"start":{"line":92,"column":22},"end":{"line":94,"column":2}},"60":{"start":{"line":96,"column":22},"end":{"line":101,"column":2}},"61":{"start":{"line":103,"column":27},"end":{"line":107,"column":2}},"62":{"start":{"line":109,"column":22},"end":{"line":112,"column":2}},"63":{"start":{"line":114,"column":22},"end":{"line":118,"column":2}},"64":{"start":{"line":120,"column":27},"end":{"line":124,"column":2}},"65":{"start":{"line":126,"column":26},"end":{"line":130,"column":2}},"66":{"start":{"line":132,"column":25},"end":{"line":139,"column":2}},"67":{"start":{"line":141,"column":24},"end":{"line":146,"column":2}},"68":{"start":{"line":148,"column":24},"end":{"line":153,"column":2}},"69":{"start":{"line":155,"column":29},"end":{"line":157,"column":2}},"70":{"start":{"line":159,"column":24},"end":{"line":163,"column":2}},"71":{"start":{"line":165,"column":29},"end":{"line":169,"column":2}},"72":{"start":{"line":171,"column":29},"end":{"line":176,"column":2}},"73":{"start":{"line":178,"column":27},"end":{"line":187,"column":2}},"74":{"start":{"line":190,"column":0},"end":{"line":210,"column":2}}},"fnMap":{},"branchMap":{},"s":{"0":1,"1":1,"2":1,"3":1,"4":1,"5":1,"6":1,"7":1,"8":1,"9":1,"10":1,"11":1,"12":1,"13":1,"14":1,"15":1,"16":1,"17":1,"18":1,"19":1,"20":1,"21":1,"22":1,"23":1,"24":1,"25":1,"26":1,"27":1,"28":1,"29":1,"30":1,"31":1,"32":1,"33":1,"34":1,"35":1,"36":1,"37":1,"38":1,"39":1,"40":1,"41":1,"42":1,"43":1,"44":1,"45":1,"46":1,"47":1,"48":1,"49":1,"50":1,"51":1,"52":1,"53":1,"54":1,"55":1,"56":1,"57":1,"58":1,"59":1,"60":1,"61":1,"62":1,"63":1,"64":1,"65":1,"66":1,"67":1,"68":1,"69":1,"70":1,"71":1,"72":1,"73":1,"74":1},"f":{},"b":{},"_coverageSchema":"1a1c01bbd47fc00a2c39e90264f33305004495a9","hash":"60d9928a7ec17ee6d605012d84c3e96ea60f1d58","contentHash":"cd13b8faebb1cd66c53a205ab8051f213e7bd639d6fd3454109b36959debb836"},"C:\\Users\\devsh\\Downloads\\dinesmart\\dinesmart-backend\\src\\infrastructure\\repositories\\user.repository.js":{"path":"C:\\Users\\devsh\\Downloads\\dinesmart\\dinesmart-backend\\src\\infrastructure\\repositories\\user.repository.js","statementMap":{"0":{"start":{"line":1,"column":13},"end":{"line":1,"column":41}},"1":{"start":{"line":5,"column":4},"end":{"line":5,"column":73}},"2":{"start":{"line":9,"column":18},"end":{"line":9,"column":35}},"3":{"start":{"line":10,"column":4},"end":{"line":10,"column":50}},"4":{"start":{"line":10,"column":24},"end":{"line":10,"column":50}},"5":{"start":{"line":11,"column":4},"end":{"line":11,"column":17}},"6":{"start":{"line":15,"column":4},"end":{"line":15,"column":32}},"7":{"start":{"line":19,"column":4},"end":{"line":19,"column":52}},"8":{"start":{"line":23,"column":4},"end":{"line":23,"column":29}},"9":{"start":{"line":27,"column":4},"end":{"line":27,"column":23}},"10":{"start":{"line":31,"column":4},"end":{"line":31,"column":39}},"11":{"start":{"line":35,"column":16},"end":{"line":35,"column":33}},"12":{"start":{"line":36,"column":4},"end":{"line":36,"column":55}},"13":{"start":{"line":36,"column":22},"end":{"line":36,"column":55}},"14":{"start":{"line":37,"column":4},"end":{"line":37,"column":55}},"15":{"start":{"line":37,"column":22},"end":{"line":37,"column":55}},"16":{"start":{"line":38,"column":4},"end":{"line":38,"column":58}},"17":{"start":{"line":38,"column":23},"end":{"line":38,"column":58}},"18":{"start":{"line":39,"column":4},"end":{"line":39,"column":61}},"19":{"start":{"line":39,"column":24},"end":{"line":39,"column":61}},"20":{"start":{"line":40,"column":4},"end":{"line":40,"column":17}},"21":{"start":{"line":44,"column":4},"end":{"line":44,"column":41}},"22":{"start":{"line":48,"column":4},"end":{"line":48,"column":35}},"23":{"start":{"line":52,"column":0},"end":{"line":52,"column":32}}},"fnMap":{"0":{"name":"(anonymous_0)","decl":{"start":{"line":4,"column":2},"end":{"line":4,"column":3}},"loc":{"start":{"line":4,"column":27},"end":{"line":6,"column":3}},"line":4},"1":{"name":"(anonymous_1)","decl":{"start":{"line":8,"column":2},"end":{"line":8,"column":3}},"loc":{"start":{"line":8,"column":45},"end":{"line":12,"column":3}},"line":8},"2":{"name":"(anonymous_2)","decl":{"start":{"line":14,"column":2},"end":{"line":14,"column":3}},"loc":{"start":{"line":14,"column":24},"end":{"line":16,"column":3}},"line":14},"3":{"name":"(anonymous_3)","decl":{"start":{"line":18,"column":2},"end":{"line":18,"column":3}},"loc":{"start":{"line":18,"column":36},"end":{"line":20,"column":3}},"line":18},"4":{"name":"(anonymous_4)","decl":{"start":{"line":22,"column":2},"end":{"line":22,"column":3}},"loc":{"start":{"line":22,"column":21},"end":{"line":24,"column":3}},"line":22},"5":{"name":"(anonymous_5)","decl":{"start":{"line":26,"column":2},"end":{"line":26,"column":3}},"loc":{"start":{"line":26,"column":19},"end":{"line":28,"column":3}},"line":26},"6":{"name":"(anonymous_6)","decl":{"start":{"line":30,"column":2},"end":{"line":30,"column":3}},"loc":{"start":{"line":30,"column":36},"end":{"line":32,"column":3}},"line":30},"7":{"name":"(anonymous_7)","decl":{"start":{"line":34,"column":2},"end":{"line":34,"column":3}},"loc":{"start":{"line":34,"column":35},"end":{"line":41,"column":3}},"line":34},"8":{"name":"(anonymous_8)","decl":{"start":{"line":43,"column":2},"end":{"line":43,"column":3}},"loc":{"start":{"line":43,"column":33},"end":{"line":45,"column":3}},"line":43},"9":{"name":"(anonymous_9)","decl":{"start":{"line":47,"column":2},"end":{"line":47,"column":3}},"loc":{"start":{"line":47,"column":27},"end":{"line":49,"column":3}},"line":47}},"branchMap":{"0":{"loc":{"start":{"line":8,"column":21},"end":{"line":8,"column":43}},"type":"default-arg","locations":[{"start":{"line":8,"column":38},"end":{"line":8,"column":43}}],"line":8},"1":{"loc":{"start":{"line":10,"column":4},"end":{"line":10,"column":50}},"type":"if","locations":[{"start":{"line":10,"column":4},"end":{"line":10,"column":50}},{"start":{},"end":{}}],"line":10},"2":{"loc":{"start":{"line":30,"column":23},"end":{"line":30,"column":34}},"type":"default-arg","locations":[{"start":{"line":30,"column":32},"end":{"line":30,"column":34}}],"line":30},"3":{"loc":{"start":{"line":34,"column":21},"end":{"line":34,"column":33}},"type":"default-arg","locations":[{"start":{"line":34,"column":31},"end":{"line":34,"column":33}}],"line":34},"4":{"loc":{"start":{"line":36,"column":4},"end":{"line":36,"column":55}},"type":"if","locations":[{"start":{"line":36,"column":4},"end":{"line":36,"column":55}},{"start":{},"end":{}}],"line":36},"5":{"loc":{"start":{"line":37,"column":4},"end":{"line":37,"column":55}},"type":"if","locations":[{"start":{"line":37,"column":4},"end":{"line":37,"column":55}},{"start":{},"end":{}}],"line":37},"6":{"loc":{"start":{"line":38,"column":4},"end":{"line":38,"column":58}},"type":"if","locations":[{"start":{"line":38,"column":4},"end":{"line":38,"column":58}},{"start":{},"end":{}}],"line":38},"7":{"loc":{"start":{"line":39,"column":4},"end":{"line":39,"column":61}},"type":"if","locations":[{"start":{"line":39,"column":4},"end":{"line":39,"column":61}},{"start":{},"end":{}}],"line":39}},"s":{"0":1,"1":5,"2":2,"3":2,"4":1,"5":2,"6":2,"7":0,"8":1,"9":2,"10":1,"11":1,"12":1,"13":1,"14":1,"15":0,"16":1,"17":1,"18":1,"19":1,"20":1,"21":1,"22":0,"23":1},"f":{"0":5,"1":2,"2":2,"3":0,"4":1,"5":2,"6":1,"7":1,"8":1,"9":0},"b":{"0":[1],"1":[1,1],"2":[0],"3":[0],"4":[1,0],"5":[0,1],"6":[1,0],"7":[1,0]},"_coverageSchema":"1a1c01bbd47fc00a2c39e90264f33305004495a9","hash":"fa22ba91145bf36cd24058d29617c834dd4841e0","contentHash":"2e1b79a4196078709f2a512e193d8b6a0d08466e567f11161f713bfc8c9be72d"},"C:\\Users\\devsh\\Downloads\\dinesmart\\dinesmart-backend\\src\\infrastructure\\repositories\\restaurant.repository.js":{"path":"C:\\Users\\devsh\\Downloads\\dinesmart\\dinesmart-backend\\src\\infrastructure\\repositories\\restaurant.repository.js","statementMap":{"0":{"start":{"line":1,"column":19},"end":{"line":1,"column":53}},"1":{"start":{"line":5,"column":16},"end":{"line":5,"column":39}},"2":{"start":{"line":6,"column":4},"end":{"line":6,"column":57}},"3":{"start":{"line":6,"column":22},"end":{"line":6,"column":57}},"4":{"start":{"line":7,"column":4},"end":{"line":7,"column":17}},"5":{"start":{"line":11,"column":16},"end":{"line":11,"column":53}},"6":{"start":{"line":12,"column":4},"end":{"line":12,"column":55}},"7":{"start":{"line":12,"column":22},"end":{"line":12,"column":55}},"8":{"start":{"line":13,"column":4},"end":{"line":13,"column":55}},"9":{"start":{"line":13,"column":22},"end":{"line":13,"column":55}},"10":{"start":{"line":14,"column":4},"end":{"line":14,"column":58}},"11":{"start":{"line":14,"column":23},"end":{"line":14,"column":58}},"12":{"start":{"line":15,"column":4},"end":{"line":15,"column":61}},"13":{"start":{"line":15,"column":24},"end":{"line":15,"column":61}},"14":{"start":{"line":16,"column":4},"end":{"line":16,"column":17}},"15":{"start":{"line":20,"column":4},"end":{"line":20,"column":35}},"16":{"start":{"line":24,"column":4},"end":{"line":24,"column":91}},"17":{"start":{"line":28,"column":4},"end":{"line":28,"column":44}},"18":{"start":{"line":32,"column":4},"end":{"line":32,"column":45}},"19":{"start":{"line":36,"column":4},"end":{"line":36,"column":42}},"20":{"start":{"line":40,"column":0},"end":{"line":40,"column":38}}},"fnMap":{"0":{"name":"(anonymous_0)","decl":{"start":{"line":4,"column":2},"end":{"line":4,"column":3}},"loc":{"start":{"line":4,"column":42},"end":{"line":8,"column":3}},"line":4},"1":{"name":"(anonymous_1)","decl":{"start":{"line":10,"column":2},"end":{"line":10,"column":3}},"loc":{"start":{"line":10,"column":27},"end":{"line":17,"column":3}},"line":10},"2":{"name":"(anonymous_2)","decl":{"start":{"line":19,"column":2},"end":{"line":19,"column":3}},"loc":{"start":{"line":19,"column":21},"end":{"line":21,"column":3}},"line":19},"3":{"name":"(anonymous_3)","decl":{"start":{"line":23,"column":2},"end":{"line":23,"column":3}},"loc":{"start":{"line":23,"column":50},"end":{"line":25,"column":3}},"line":23},"4":{"name":"(anonymous_4)","decl":{"start":{"line":27,"column":2},"end":{"line":27,"column":3}},"loc":{"start":{"line":27,"column":30},"end":{"line":29,"column":3}},"line":27},"5":{"name":"(anonymous_5)","decl":{"start":{"line":31,"column":2},"end":{"line":31,"column":3}},"loc":{"start":{"line":31,"column":36},"end":{"line":33,"column":3}},"line":31},"6":{"name":"(anonymous_6)","decl":{"start":{"line":35,"column":2},"end":{"line":35,"column":3}},"loc":{"start":{"line":35,"column":28},"end":{"line":37,"column":3}},"line":35}},"branchMap":{"0":{"loc":{"start":{"line":4,"column":21},"end":{"line":4,"column":40}},"type":"default-arg","locations":[{"start":{"line":4,"column":36},"end":{"line":4,"column":40}}],"line":4},"1":{"loc":{"start":{"line":6,"column":4},"end":{"line":6,"column":57}},"type":"if","locations":[{"start":{"line":6,"column":4},"end":{"line":6,"column":57}},{"start":{},"end":{}}],"line":6},"2":{"loc":{"start":{"line":10,"column":13},"end":{"line":10,"column":25}},"type":"default-arg","locations":[{"start":{"line":10,"column":23},"end":{"line":10,"column":25}}],"line":10},"3":{"loc":{"start":{"line":11,"column":32},"end":{"line":11,"column":52}},"type":"binary-expr","locations":[{"start":{"line":11,"column":32},"end":{"line":11,"column":46}},{"start":{"line":11,"column":50},"end":{"line":11,"column":52}}],"line":11},"4":{"loc":{"start":{"line":12,"column":4},"end":{"line":12,"column":55}},"type":"if","locations":[{"start":{"line":12,"column":4},"end":{"line":12,"column":55}},{"start":{},"end":{}}],"line":12},"5":{"loc":{"start":{"line":13,"column":4},"end":{"line":13,"column":55}},"type":"if","locations":[{"start":{"line":13,"column":4},"end":{"line":13,"column":55}},{"start":{},"end":{}}],"line":13},"6":{"loc":{"start":{"line":14,"column":4},"end":{"line":14,"column":58}},"type":"if","locations":[{"start":{"line":14,"column":4},"end":{"line":14,"column":58}},{"start":{},"end":{}}],"line":14},"7":{"loc":{"start":{"line":15,"column":4},"end":{"line":15,"column":61}},"type":"if","locations":[{"start":{"line":15,"column":4},"end":{"line":15,"column":61}},{"start":{},"end":{}}],"line":15},"8":{"loc":{"start":{"line":23,"column":36},"end":{"line":23,"column":48}},"type":"default-arg","locations":[{"start":{"line":23,"column":46},"end":{"line":23,"column":48}}],"line":23},"9":{"loc":{"start":{"line":31,"column":23},"end":{"line":31,"column":34}},"type":"default-arg","locations":[{"start":{"line":31,"column":32},"end":{"line":31,"column":34}}],"line":31}},"s":{"0":1,"1":1,"2":1,"3":0,"4":1,"5":0,"6":0,"7":0,"8":0,"9":0,"10":0,"11":0,"12":0,"13":0,"14":0,"15":0,"16":0,"17":0,"18":0,"19":0,"20":1},"f":{"0":1,"1":0,"2":0,"3":0,"4":0,"5":0,"6":0},"b":{"0":[1],"1":[0,1],"2":[0],"3":[0,0],"4":[0,0],"5":[0,0],"6":[0,0],"7":[0,0],"8":[0],"9":[0]},"_coverageSchema":"1a1c01bbd47fc00a2c39e90264f33305004495a9","hash":"6c4628beb3610ea80469a393d46964bdfa92fc48","contentHash":"47e2cb6d9c8c1c3fa61c1f0daf5162b40aeba90c39614d824a8c0c51f847a5ed"},"C:\\Users\\devsh\\Downloads\\dinesmart\\dinesmart-backend\\src\\infrastructure\\repositories\\category.repository.js":{"path":"C:\\Users\\devsh\\Downloads\\dinesmart\\dinesmart-backend\\src\\infrastructure\\repositories\\category.repository.js","statementMap":{"0":{"start":{"line":1,"column":17},"end":{"line":1,"column":49}},"1":{"start":{"line":5,"column":4},"end":{"line":5,"column":67}},"2":{"start":{"line":9,"column":4},"end":{"line":9,"column":36}},"3":{"start":{"line":13,"column":4},"end":{"line":13,"column":33}},"4":{"start":{"line":17,"column":4},"end":{"line":17,"column":27}},"5":{"start":{"line":21,"column":4},"end":{"line":21,"column":38}},"6":{"start":{"line":25,"column":0},"end":{"line":25,"column":36}}},"fnMap":{"0":{"name":"(anonymous_0)","decl":{"start":{"line":4,"column":2},"end":{"line":4,"column":3}},"loc":{"start":{"line":4,"column":39},"end":{"line":6,"column":3}},"line":4},"1":{"name":"(anonymous_1)","decl":{"start":{"line":8,"column":2},"end":{"line":8,"column":3}},"loc":{"start":{"line":8,"column":24},"end":{"line":10,"column":3}},"line":8},"2":{"name":"(anonymous_2)","decl":{"start":{"line":12,"column":2},"end":{"line":12,"column":3}},"loc":{"start":{"line":12,"column":21},"end":{"line":14,"column":3}},"line":12},"3":{"name":"(anonymous_3)","decl":{"start":{"line":16,"column":2},"end":{"line":16,"column":3}},"loc":{"start":{"line":16,"column":23},"end":{"line":18,"column":3}},"line":16},"4":{"name":"(anonymous_4)","decl":{"start":{"line":20,"column":2},"end":{"line":20,"column":3}},"loc":{"start":{"line":20,"column":26},"end":{"line":22,"column":3}},"line":20}},"branchMap":{},"s":{"0":1,"1":1,"2":5,"3":1,"4":1,"5":1,"6":1},"f":{"0":1,"1":5,"2":1,"3":1,"4":1},"b":{},"_coverageSchema":"1a1c01bbd47fc00a2c39e90264f33305004495a9","hash":"581d2d0b328d7dd4970cacf6ca4d31a571b76658","contentHash":"b6cebf88fb84732f2be0ffbe0a371659817839044a8a0955175185d0d296032a"},"C:\\Users\\devsh\\Downloads\\dinesmart\\dinesmart-backend\\src\\infrastructure\\repositories\\menuItem.repository.js":{"path":"C:\\Users\\devsh\\Downloads\\dinesmart\\dinesmart-backend\\src\\infrastructure\\repositories\\menuItem.repository.js","statementMap":{"0":{"start":{"line":1,"column":17},"end":{"line":1,"column":49}},"1":{"start":{"line":5,"column":12},"end":{"line":5,"column":32}},"2":{"start":{"line":6,"column":4},"end":{"line":6,"column":119}},"3":{"start":{"line":6,"column":26},"end":{"line":6,"column":119}},"4":{"start":{"line":7,"column":4},"end":{"line":7,"column":47}},"5":{"start":{"line":7,"column":22},"end":{"line":7,"column":47}},"6":{"start":{"line":8,"column":4},"end":{"line":8,"column":13}},"7":{"start":{"line":12,"column":12},"end":{"line":12,"column":36}},"8":{"start":{"line":13,"column":4},"end":{"line":13,"column":119}},"9":{"start":{"line":13,"column":26},"end":{"line":13,"column":119}},"10":{"start":{"line":14,"column":4},"end":{"line":14,"column":13}},"11":{"start":{"line":18,"column":17},"end":{"line":18,"column":44}},"12":{"start":{"line":19,"column":4},"end":{"line":19,"column":16}},"13":{"start":{"line":23,"column":4},"end":{"line":23,"column":27}},"14":{"start":{"line":27,"column":4},"end":{"line":27,"column":33}},"15":{"start":{"line":31,"column":4},"end":{"line":31,"column":38}},"16":{"start":{"line":35,"column":4},"end":{"line":35,"column":43}},"17":{"start":{"line":39,"column":0},"end":{"line":39,"column":36}}},"fnMap":{"0":{"name":"(anonymous_0)","decl":{"start":{"line":4,"column":2},"end":{"line":4,"column":3}},"loc":{"start":{"line":4,"column":34},"end":{"line":9,"column":3}},"line":4},"1":{"name":"(anonymous_1)","decl":{"start":{"line":11,"column":2},"end":{"line":11,"column":3}},"loc":{"start":{"line":11,"column":38},"end":{"line":15,"column":3}},"line":11},"2":{"name":"(anonymous_2)","decl":{"start":{"line":17,"column":2},"end":{"line":17,"column":3}},"loc":{"start":{"line":17,"column":21},"end":{"line":20,"column":3}},"line":17},"3":{"name":"(anonymous_3)","decl":{"start":{"line":22,"column":2},"end":{"line":22,"column":3}},"loc":{"start":{"line":22,"column":23},"end":{"line":24,"column":3}},"line":22},"4":{"name":"(anonymous_4)","decl":{"start":{"line":26,"column":2},"end":{"line":26,"column":3}},"loc":{"start":{"line":26,"column":31},"end":{"line":28,"column":3}},"line":26},"5":{"name":"(anonymous_5)","decl":{"start":{"line":30,"column":2},"end":{"line":30,"column":3}},"loc":{"start":{"line":30,"column":26},"end":{"line":32,"column":3}},"line":30},"6":{"name":"(anonymous_6)","decl":{"start":{"line":34,"column":2},"end":{"line":34,"column":3}},"loc":{"start":{"line":34,"column":36},"end":{"line":36,"column":3}},"line":34}},"branchMap":{"0":{"loc":{"start":{"line":4,"column":20},"end":{"line":4,"column":32}},"type":"default-arg","locations":[{"start":{"line":4,"column":30},"end":{"line":4,"column":32}}],"line":4},"1":{"loc":{"start":{"line":6,"column":4},"end":{"line":6,"column":119}},"type":"if","locations":[{"start":{"line":6,"column":4},"end":{"line":6,"column":119}},{"start":{},"end":{}}],"line":6},"2":{"loc":{"start":{"line":6,"column":45},"end":{"line":6,"column":116}},"type":"cond-expr","locations":[{"start":{"line":6,"column":79},"end":{"line":6,"column":95}},{"start":{"line":6,"column":98},"end":{"line":6,"column":116}}],"line":6},"3":{"loc":{"start":{"line":7,"column":4},"end":{"line":7,"column":47}},"type":"if","locations":[{"start":{"line":7,"column":4},"end":{"line":7,"column":47}},{"start":{},"end":{}}],"line":7},"4":{"loc":{"start":{"line":11,"column":24},"end":{"line":11,"column":36}},"type":"default-arg","locations":[{"start":{"line":11,"column":34},"end":{"line":11,"column":36}}],"line":11},"5":{"loc":{"start":{"line":13,"column":4},"end":{"line":13,"column":119}},"type":"if","locations":[{"start":{"line":13,"column":4},"end":{"line":13,"column":119}},{"start":{},"end":{}}],"line":13},"6":{"loc":{"start":{"line":13,"column":45},"end":{"line":13,"column":116}},"type":"cond-expr","locations":[{"start":{"line":13,"column":79},"end":{"line":13,"column":95}},{"start":{"line":13,"column":98},"end":{"line":13,"column":116}}],"line":13},"7":{"loc":{"start":{"line":34,"column":23},"end":{"line":34,"column":34}},"type":"default-arg","locations":[{"start":{"line":34,"column":32},"end":{"line":34,"column":34}}],"line":34}},"s":{"0":1,"1":2,"2":2,"3":2,"4":2,"5":2,"6":2,"7":3,"8":3,"9":1,"10":3,"11":1,"12":1,"13":1,"14":2,"15":1,"16":2,"17":1},"f":{"0":2,"1":3,"2":1,"3":1,"4":2,"5":1,"6":2},"b":{"0":[0],"1":[2,0],"2":[2,0],"3":[2,0],"4":[2],"5":[1,2],"6":[1,0],"7":[0]},"_coverageSchema":"1a1c01bbd47fc00a2c39e90264f33305004495a9","hash":"2fd9a6b4836a833b8deb7c3d509e77db78a0dd84","contentHash":"0b61ef998e726dde04da8bfa1310da44e0dab7444c1457c097d0f57929a5f91d"},"C:\\Users\\devsh\\Downloads\\dinesmart\\dinesmart-backend\\src\\infrastructure\\repositories\\table.repository.js":{"path":"C:\\Users\\devsh\\Downloads\\dinesmart\\dinesmart-backend\\src\\infrastructure\\repositories\\table.repository.js","statementMap":{"0":{"start":{"line":1,"column":14},"end":{"line":1,"column":43}},"1":{"start":{"line":5,"column":16},"end":{"line":5,"column":34}},"2":{"start":{"line":6,"column":4},"end":{"line":6,"column":55}},"3":{"start":{"line":6,"column":22},"end":{"line":6,"column":55}},"4":{"start":{"line":7,"column":4},"end":{"line":7,"column":61}},"5":{"start":{"line":7,"column":24},"end":{"line":7,"column":61}},"6":{"start":{"line":8,"column":4},"end":{"line":8,"column":43}},"7":{"start":{"line":8,"column":22},"end":{"line":8,"column":43}},"8":{"start":{"line":9,"column":4},"end":{"line":9,"column":17}},"9":{"start":{"line":13,"column":4},"end":{"line":13,"column":33}},"10":{"start":{"line":17,"column":4},"end":{"line":17,"column":30}},"11":{"start":{"line":21,"column":4},"end":{"line":21,"column":107}},"12":{"start":{"line":25,"column":4},"end":{"line":25,"column":24}},"13":{"start":{"line":29,"column":4},"end":{"line":29,"column":29}},"14":{"start":{"line":33,"column":4},"end":{"line":33,"column":40}},"15":{"start":{"line":37,"column":0},"end":{"line":37,"column":33}}},"fnMap":{"0":{"name":"(anonymous_0)","decl":{"start":{"line":4,"column":2},"end":{"line":4,"column":3}},"loc":{"start":{"line":4,"column":35},"end":{"line":10,"column":3}},"line":4},"1":{"name":"(anonymous_1)","decl":{"start":{"line":12,"column":2},"end":{"line":12,"column":3}},"loc":{"start":{"line":12,"column":24},"end":{"line":14,"column":3}},"line":12},"2":{"name":"(anonymous_2)","decl":{"start":{"line":16,"column":2},"end":{"line":16,"column":3}},"loc":{"start":{"line":16,"column":21},"end":{"line":18,"column":3}},"line":16},"3":{"name":"(anonymous_3)","decl":{"start":{"line":20,"column":2},"end":{"line":20,"column":3}},"loc":{"start":{"line":20,"column":50},"end":{"line":22,"column":3}},"line":20},"4":{"name":"(anonymous_4)","decl":{"start":{"line":24,"column":2},"end":{"line":24,"column":3}},"loc":{"start":{"line":24,"column":20},"end":{"line":26,"column":3}},"line":24},"5":{"name":"(anonymous_5)","decl":{"start":{"line":28,"column":2},"end":{"line":28,"column":3}},"loc":{"start":{"line":28,"column":25},"end":{"line":30,"column":3}},"line":28},"6":{"name":"(anonymous_6)","decl":{"start":{"line":32,"column":2},"end":{"line":32,"column":3}},"loc":{"start":{"line":32,"column":36},"end":{"line":34,"column":3}},"line":32}},"branchMap":{"0":{"loc":{"start":{"line":4,"column":21},"end":{"line":4,"column":33}},"type":"default-arg","locations":[{"start":{"line":4,"column":31},"end":{"line":4,"column":33}}],"line":4},"1":{"loc":{"start":{"line":6,"column":4},"end":{"line":6,"column":55}},"type":"if","locations":[{"start":{"line":6,"column":4},"end":{"line":6,"column":55}},{"start":{},"end":{}}],"line":6},"2":{"loc":{"start":{"line":7,"column":4},"end":{"line":7,"column":61}},"type":"if","locations":[{"start":{"line":7,"column":4},"end":{"line":7,"column":61}},{"start":{},"end":{}}],"line":7},"3":{"loc":{"start":{"line":8,"column":4},"end":{"line":8,"column":43}},"type":"if","locations":[{"start":{"line":8,"column":4},"end":{"line":8,"column":43}},{"start":{},"end":{}}],"line":8},"4":{"loc":{"start":{"line":20,"column":36},"end":{"line":20,"column":48}},"type":"default-arg","locations":[{"start":{"line":20,"column":46},"end":{"line":20,"column":48}}],"line":20},"5":{"loc":{"start":{"line":32,"column":23},"end":{"line":32,"column":34}},"type":"default-arg","locations":[{"start":{"line":32,"column":32},"end":{"line":32,"column":34}}],"line":32}},"s":{"0":1,"1":1,"2":1,"3":1,"4":1,"5":0,"6":1,"7":0,"8":1,"9":6,"10":1,"11":3,"12":0,"13":1,"14":0,"15":1},"f":{"0":1,"1":6,"2":1,"3":3,"4":0,"5":1,"6":0},"b":{"0":[0],"1":[1,0],"2":[0,1],"3":[0,1],"4":[3],"5":[0]},"_coverageSchema":"1a1c01bbd47fc00a2c39e90264f33305004495a9","hash":"bfcce90b10bc63f954e516f4866aec1dfba44143","contentHash":"081f70ac909afcbc8d794a5e6a0520f0a3a577244ca6b5dda0f51c23f7758a8d"},"C:\\Users\\devsh\\Downloads\\dinesmart\\dinesmart-backend\\src\\infrastructure\\repositories\\order.repository.js":{"path":"C:\\Users\\devsh\\Downloads\\dinesmart\\dinesmart-backend\\src\\infrastructure\\repositories\\order.repository.js","statementMap":{"0":{"start":{"line":1,"column":17},"end":{"line":1,"column":36}},"1":{"start":{"line":2,"column":14},"end":{"line":2,"column":43}},"2":{"start":{"line":6,"column":4},"end":{"line":6,"column":30}},"3":{"start":{"line":10,"column":16},"end":{"line":10,"column":34}},"4":{"start":{"line":11,"column":4},"end":{"line":13,"column":5}},"5":{"start":{"line":12,"column":6},"end":{"line":12,"column":51}},"6":{"start":{"line":14,"column":4},"end":{"line":14,"column":17}},"7":{"start":{"line":18,"column":16},"end":{"line":18,"column":37}},"8":{"start":{"line":19,"column":4},"end":{"line":21,"column":5}},"9":{"start":{"line":20,"column":6},"end":{"line":20,"column":51}},"10":{"start":{"line":22,"column":4},"end":{"line":22,"column":17}},"11":{"start":{"line":26,"column":16},"end":{"line":26,"column":34}},"12":{"start":{"line":27,"column":4},"end":{"line":31,"column":5}},"13":{"start":{"line":28,"column":6},"end":{"line":30,"column":7}},"14":{"start":{"line":29,"column":8},"end":{"line":29,"column":53}},"15":{"start":{"line":32,"column":4},"end":{"line":32,"column":61}},"16":{"start":{"line":32,"column":24},"end":{"line":32,"column":61}},"17":{"start":{"line":33,"column":4},"end":{"line":33,"column":55}},"18":{"start":{"line":33,"column":22},"end":{"line":33,"column":55}},"19":{"start":{"line":34,"column":4},"end":{"line":34,"column":58}},"20":{"start":{"line":34,"column":23},"end":{"line":34,"column":58}},"21":{"start":{"line":35,"column":4},"end":{"line":35,"column":55}},"22":{"start":{"line":35,"column":22},"end":{"line":35,"column":55}},"23":{"start":{"line":36,"column":4},"end":{"line":36,"column":43}},"24":{"start":{"line":36,"column":22},"end":{"line":36,"column":43}},"25":{"start":{"line":37,"column":4},"end":{"line":37,"column":17}},"26":{"start":{"line":41,"column":16},"end":{"line":41,"column":114}},"27":{"start":{"line":42,"column":4},"end":{"line":46,"column":5}},"28":{"start":{"line":43,"column":6},"end":{"line":45,"column":7}},"29":{"start":{"line":44,"column":8},"end":{"line":44,"column":53}},"30":{"start":{"line":47,"column":4},"end":{"line":47,"column":17}},"31":{"start":{"line":51,"column":4},"end":{"line":51,"column":52}},"32":{"start":{"line":55,"column":4},"end":{"line":55,"column":40}},"33":{"start":{"line":59,"column":4},"end":{"line":59,"column":37}},"34":{"start":{"line":63,"column":4},"end":{"line":63,"column":24}},"35":{"start":{"line":67,"column":4},"end":{"line":67,"column":33}},"36":{"start":{"line":71,"column":0},"end":{"line":71,"column":33}}},"fnMap":{"0":{"name":"(anonymous_0)","decl":{"start":{"line":5,"column":2},"end":{"line":5,"column":3}},"loc":{"start":{"line":5,"column":21},"end":{"line":7,"column":3}},"line":5},"1":{"name":"(anonymous_1)","decl":{"start":{"line":9,"column":2},"end":{"line":9,"column":3}},"loc":{"start":{"line":9,"column":43},"end":{"line":15,"column":3}},"line":9},"2":{"name":"(anonymous_2)","decl":{"start":{"line":17,"column":2},"end":{"line":17,"column":3}},"loc":{"start":{"line":17,"column":46},"end":{"line":23,"column":3}},"line":17},"3":{"name":"(anonymous_3)","decl":{"start":{"line":25,"column":2},"end":{"line":25,"column":3}},"loc":{"start":{"line":25,"column":35},"end":{"line":38,"column":3}},"line":25},"4":{"name":"(anonymous_4)","decl":{"start":{"line":40,"column":2},"end":{"line":40,"column":3}},"loc":{"start":{"line":40,"column":53},"end":{"line":48,"column":3}},"line":40},"5":{"name":"(anonymous_5)","decl":{"start":{"line":50,"column":2},"end":{"line":50,"column":3}},"loc":{"start":{"line":50,"column":48},"end":{"line":52,"column":3}},"line":50},"6":{"name":"(anonymous_6)","decl":{"start":{"line":54,"column":2},"end":{"line":54,"column":3}},"loc":{"start":{"line":54,"column":36},"end":{"line":56,"column":3}},"line":54},"7":{"name":"(anonymous_7)","decl":{"start":{"line":58,"column":2},"end":{"line":58,"column":3}},"loc":{"start":{"line":58,"column":28},"end":{"line":60,"column":3}},"line":58},"8":{"name":"(anonymous_8)","decl":{"start":{"line":62,"column":2},"end":{"line":62,"column":3}},"loc":{"start":{"line":62,"column":20},"end":{"line":64,"column":3}},"line":62},"9":{"name":"(anonymous_9)","decl":{"start":{"line":66,"column":2},"end":{"line":66,"column":3}},"loc":{"start":{"line":66,"column":31},"end":{"line":68,"column":3}},"line":66}},"branchMap":{"0":{"loc":{"start":{"line":9,"column":21},"end":{"line":9,"column":41}},"type":"default-arg","locations":[{"start":{"line":9,"column":39},"end":{"line":9,"column":41}}],"line":9},"1":{"loc":{"start":{"line":17,"column":24},"end":{"line":17,"column":44}},"type":"default-arg","locations":[{"start":{"line":17,"column":42},"end":{"line":17,"column":44}}],"line":17},"2":{"loc":{"start":{"line":25,"column":21},"end":{"line":25,"column":33}},"type":"default-arg","locations":[{"start":{"line":25,"column":31},"end":{"line":25,"column":33}}],"line":25},"3":{"loc":{"start":{"line":27,"column":4},"end":{"line":31,"column":5}},"type":"if","locations":[{"start":{"line":27,"column":4},"end":{"line":31,"column":5}},{"start":{},"end":{}}],"line":27},"4":{"loc":{"start":{"line":32,"column":4},"end":{"line":32,"column":61}},"type":"if","locations":[{"start":{"line":32,"column":4},"end":{"line":32,"column":61}},{"start":{},"end":{}}],"line":32},"5":{"loc":{"start":{"line":33,"column":4},"end":{"line":33,"column":55}},"type":"if","locations":[{"start":{"line":33,"column":4},"end":{"line":33,"column":55}},{"start":{},"end":{}}],"line":33},"6":{"loc":{"start":{"line":34,"column":4},"end":{"line":34,"column":58}},"type":"if","locations":[{"start":{"line":34,"column":4},"end":{"line":34,"column":58}},{"start":{},"end":{}}],"line":34},"7":{"loc":{"start":{"line":35,"column":4},"end":{"line":35,"column":55}},"type":"if","locations":[{"start":{"line":35,"column":4},"end":{"line":35,"column":55}},{"start":{},"end":{}}],"line":35},"8":{"loc":{"start":{"line":36,"column":4},"end":{"line":36,"column":43}},"type":"if","locations":[{"start":{"line":36,"column":4},"end":{"line":36,"column":43}},{"start":{},"end":{}}],"line":36},"9":{"loc":{"start":{"line":40,"column":39},"end":{"line":40,"column":51}},"type":"default-arg","locations":[{"start":{"line":40,"column":49},"end":{"line":40,"column":51}}],"line":40},"10":{"loc":{"start":{"line":42,"column":4},"end":{"line":46,"column":5}},"type":"if","locations":[{"start":{"line":42,"column":4},"end":{"line":46,"column":5}},{"start":{},"end":{}}],"line":42},"11":{"loc":{"start":{"line":50,"column":34},"end":{"line":50,"column":46}},"type":"default-arg","locations":[{"start":{"line":50,"column":44},"end":{"line":50,"column":46}}],"line":50},"12":{"loc":{"start":{"line":54,"column":23},"end":{"line":54,"column":34}},"type":"default-arg","locations":[{"start":{"line":54,"column":32},"end":{"line":54,"column":34}}],"line":54}},"s":{"0":1,"1":1,"2":1,"3":1,"4":1,"5":1,"6":1,"7":7,"8":7,"9":5,"10":7,"11":1,"12":1,"13":1,"14":2,"15":1,"16":0,"17":1,"18":1,"19":1,"20":1,"21":1,"22":0,"23":1,"24":0,"25":1,"26":1,"27":1,"28":1,"29":1,"30":1,"31":0,"32":1,"33":0,"34":1,"35":1,"36":1},"f":{"0":1,"1":1,"2":7,"3":1,"4":1,"5":0,"6":1,"7":0,"8":1,"9":1},"b":{"0":[0],"1":[4],"2":[0],"3":[1,0],"4":[0,1],"5":[1,0],"6":[1,0],"7":[0,1],"8":[0,1],"9":[0],"10":[1,0],"11":[0],"12":[0]},"_coverageSchema":"1a1c01bbd47fc00a2c39e90264f33305004495a9","hash":"283ae3ecb08464640d92ec284cc8800d7aa1cbdc","contentHash":"7c46671bbfc035ef708bd3a0eb84de77db39b85e548640bcc055ad9c597f108f"},"C:\\Users\\devsh\\Downloads\\dinesmart\\dinesmart-backend\\src\\infrastructure\\repositories\\notification.repository.js":{"path":"C:\\Users\\devsh\\Downloads\\dinesmart\\dinesmart-backend\\src\\infrastructure\\repositories\\notification.repository.js","statementMap":{"0":{"start":{"line":1,"column":21},"end":{"line":1,"column":57}},"1":{"start":{"line":5,"column":16},"end":{"line":5,"column":41}},"2":{"start":{"line":6,"column":4},"end":{"line":6,"column":55}},"3":{"start":{"line":6,"column":22},"end":{"line":6,"column":55}},"4":{"start":{"line":7,"column":4},"end":{"line":7,"column":55}},"5":{"start":{"line":7,"column":22},"end":{"line":7,"column":55}},"6":{"start":{"line":8,"column":4},"end":{"line":8,"column":58}},"7":{"start":{"line":8,"column":23},"end":{"line":8,"column":58}},"8":{"start":{"line":9,"column":4},"end":{"line":9,"column":17}},"9":{"start":{"line":13,"column":4},"end":{"line":13,"column":37}},"10":{"start":{"line":17,"column":4},"end":{"line":17,"column":95}},"11":{"start":{"line":21,"column":4},"end":{"line":21,"column":46}},"12":{"start":{"line":25,"column":4},"end":{"line":25,"column":51}},"13":{"start":{"line":29,"column":4},"end":{"line":29,"column":47}},"14":{"start":{"line":33,"column":4},"end":{"line":33,"column":44}},"15":{"start":{"line":37,"column":4},"end":{"line":37,"column":31}},"16":{"start":{"line":41,"column":0},"end":{"line":41,"column":40}}},"fnMap":{"0":{"name":"(anonymous_0)","decl":{"start":{"line":4,"column":2},"end":{"line":4,"column":3}},"loc":{"start":{"line":4,"column":35},"end":{"line":10,"column":3}},"line":4},"1":{"name":"(anonymous_1)","decl":{"start":{"line":12,"column":2},"end":{"line":12,"column":3}},"loc":{"start":{"line":12,"column":21},"end":{"line":14,"column":3}},"line":12},"2":{"name":"(anonymous_2)","decl":{"start":{"line":16,"column":2},"end":{"line":16,"column":3}},"loc":{"start":{"line":16,"column":52},"end":{"line":18,"column":3}},"line":16},"3":{"name":"(anonymous_3)","decl":{"start":{"line":20,"column":2},"end":{"line":20,"column":3}},"loc":{"start":{"line":20,"column":30},"end":{"line":22,"column":3}},"line":20},"4":{"name":"(anonymous_4)","decl":{"start":{"line":24,"column":2},"end":{"line":24,"column":3}},"loc":{"start":{"line":24,"column":35},"end":{"line":26,"column":3}},"line":24},"5":{"name":"(anonymous_5)","decl":{"start":{"line":28,"column":2},"end":{"line":28,"column":3}},"loc":{"start":{"line":28,"column":36},"end":{"line":30,"column":3}},"line":28},"6":{"name":"(anonymous_6)","decl":{"start":{"line":32,"column":2},"end":{"line":32,"column":3}},"loc":{"start":{"line":32,"column":28},"end":{"line":34,"column":3}},"line":32},"7":{"name":"(anonymous_7)","decl":{"start":{"line":36,"column":2},"end":{"line":36,"column":3}},"loc":{"start":{"line":36,"column":27},"end":{"line":38,"column":3}},"line":36}},"branchMap":{"0":{"loc":{"start":{"line":4,"column":21},"end":{"line":4,"column":33}},"type":"default-arg","locations":[{"start":{"line":4,"column":31},"end":{"line":4,"column":33}}],"line":4},"1":{"loc":{"start":{"line":6,"column":4},"end":{"line":6,"column":55}},"type":"if","locations":[{"start":{"line":6,"column":4},"end":{"line":6,"column":55}},{"start":{},"end":{}}],"line":6},"2":{"loc":{"start":{"line":7,"column":4},"end":{"line":7,"column":55}},"type":"if","locations":[{"start":{"line":7,"column":4},"end":{"line":7,"column":55}},{"start":{},"end":{}}],"line":7},"3":{"loc":{"start":{"line":8,"column":4},"end":{"line":8,"column":58}},"type":"if","locations":[{"start":{"line":8,"column":4},"end":{"line":8,"column":58}},{"start":{},"end":{}}],"line":8},"4":{"loc":{"start":{"line":16,"column":38},"end":{"line":16,"column":50}},"type":"default-arg","locations":[{"start":{"line":16,"column":48},"end":{"line":16,"column":50}}],"line":16},"5":{"loc":{"start":{"line":28,"column":23},"end":{"line":28,"column":34}},"type":"default-arg","locations":[{"start":{"line":28,"column":32},"end":{"line":28,"column":34}}],"line":28}},"s":{"0":1,"1":0,"2":0,"3":0,"4":0,"5":0,"6":0,"7":0,"8":0,"9":0,"10":0,"11":0,"12":0,"13":0,"14":0,"15":0,"16":1},"f":{"0":0,"1":0,"2":0,"3":0,"4":0,"5":0,"6":0,"7":0},"b":{"0":[0],"1":[0,0],"2":[0,0],"3":[0,0],"4":[0],"5":[0]},"_coverageSchema":"1a1c01bbd47fc00a2c39e90264f33305004495a9","hash":"93d6d4929daca0fd2c53d80bebe7fae526e2d228","contentHash":"6f2814f97b6e035ca0632a9b13e066dac09d79cd930bf926bf5f9cb5e3d167e1"},"C:\\Users\\devsh\\Downloads\\dinesmart\\dinesmart-backend\\src\\infrastructure\\db\\models\\Notification.js":{"path":"C:\\Users\\devsh\\Downloads\\dinesmart\\dinesmart-backend\\src\\infrastructure\\db\\models\\Notification.js","statementMap":{"0":{"start":{"line":1,"column":17},"end":{"line":1,"column":36}},"1":{"start":{"line":3,"column":27},"end":{"line":64,"column":24}},"2":{"start":{"line":67,"column":0},"end":{"line":67,"column":70}},"3":{"start":{"line":70,"column":0},"end":{"line":70,"column":53}},"4":{"start":{"line":71,"column":0},"end":{"line":71,"column":70}},"5":{"start":{"line":72,"column":0},"end":{"line":72,"column":87}},"6":{"start":{"line":74,"column":0},"end":{"line":74,"column":68}}},"fnMap":{},"branchMap":{},"s":{"0":1,"1":1,"2":1,"3":1,"4":1,"5":1,"6":1},"f":{},"b":{},"_coverageSchema":"1a1c01bbd47fc00a2c39e90264f33305004495a9","hash":"fb97afd5f69ddef3c373fa54c9ad2bc5df5b9341","contentHash":"b67d6a32e0667b53d28145b69cbe158a6225c750b9b52b69a23bd89a31668654"},"C:\\Users\\devsh\\Downloads\\dinesmart\\dinesmart-backend\\src\\infrastructure\\repositories\\activityLog.repository.js":{"path":"C:\\Users\\devsh\\Downloads\\dinesmart\\dinesmart-backend\\src\\infrastructure\\repositories\\activityLog.repository.js","statementMap":{"0":{"start":{"line":1,"column":20},"end":{"line":1,"column":55}},"1":{"start":{"line":5,"column":4},"end":{"line":5,"column":33}},"2":{"start":{"line":9,"column":16},"end":{"line":9,"column":40}},"3":{"start":{"line":10,"column":4},"end":{"line":10,"column":55}},"4":{"start":{"line":10,"column":22},"end":{"line":10,"column":55}},"5":{"start":{"line":11,"column":4},"end":{"line":11,"column":55}},"6":{"start":{"line":11,"column":22},"end":{"line":11,"column":55}},"7":{"start":{"line":12,"column":4},"end":{"line":12,"column":58}},"8":{"start":{"line":12,"column":23},"end":{"line":12,"column":58}},"9":{"start":{"line":13,"column":4},"end":{"line":13,"column":43}},"10":{"start":{"line":13,"column":22},"end":{"line":13,"column":43}},"11":{"start":{"line":14,"column":4},"end":{"line":14,"column":17}},"12":{"start":{"line":18,"column":4},"end":{"line":18,"column":46}},"13":{"start":{"line":22,"column":4},"end":{"line":22,"column":43}},"14":{"start":{"line":26,"column":0},"end":{"line":26,"column":39}}},"fnMap":{"0":{"name":"(anonymous_0)","decl":{"start":{"line":4,"column":2},"end":{"line":4,"column":3}},"loc":{"start":{"line":4,"column":18},"end":{"line":6,"column":3}},"line":4},"1":{"name":"(anonymous_1)","decl":{"start":{"line":8,"column":2},"end":{"line":8,"column":3}},"loc":{"start":{"line":8,"column":35},"end":{"line":15,"column":3}},"line":8},"2":{"name":"(anonymous_2)","decl":{"start":{"line":17,"column":2},"end":{"line":17,"column":3}},"loc":{"start":{"line":17,"column":36},"end":{"line":19,"column":3}},"line":17},"3":{"name":"(anonymous_3)","decl":{"start":{"line":21,"column":2},"end":{"line":21,"column":3}},"loc":{"start":{"line":21,"column":28},"end":{"line":23,"column":3}},"line":21}},"branchMap":{"0":{"loc":{"start":{"line":8,"column":21},"end":{"line":8,"column":33}},"type":"default-arg","locations":[{"start":{"line":8,"column":31},"end":{"line":8,"column":33}}],"line":8},"1":{"loc":{"start":{"line":10,"column":4},"end":{"line":10,"column":55}},"type":"if","locations":[{"start":{"line":10,"column":4},"end":{"line":10,"column":55}},{"start":{},"end":{}}],"line":10},"2":{"loc":{"start":{"line":11,"column":4},"end":{"line":11,"column":55}},"type":"if","locations":[{"start":{"line":11,"column":4},"end":{"line":11,"column":55}},{"start":{},"end":{}}],"line":11},"3":{"loc":{"start":{"line":12,"column":4},"end":{"line":12,"column":58}},"type":"if","locations":[{"start":{"line":12,"column":4},"end":{"line":12,"column":58}},{"start":{},"end":{}}],"line":12},"4":{"loc":{"start":{"line":13,"column":4},"end":{"line":13,"column":43}},"type":"if","locations":[{"start":{"line":13,"column":4},"end":{"line":13,"column":43}},{"start":{},"end":{}}],"line":13},"5":{"loc":{"start":{"line":17,"column":23},"end":{"line":17,"column":34}},"type":"default-arg","locations":[{"start":{"line":17,"column":32},"end":{"line":17,"column":34}}],"line":17}},"s":{"0":1,"1":5,"2":0,"3":0,"4":0,"5":0,"6":0,"7":0,"8":0,"9":0,"10":0,"11":0,"12":0,"13":0,"14":1},"f":{"0":5,"1":0,"2":0,"3":0},"b":{"0":[0],"1":[0,0],"2":[0,0],"3":[0,0],"4":[0,0],"5":[0]},"_coverageSchema":"1a1c01bbd47fc00a2c39e90264f33305004495a9","hash":"ee032a039f52a14b9f011dd4ce2fe9d19d4df3b6","contentHash":"ad0b6d553a928865f4395406250fc2f72effbe1d3c8d07e2668d442673417786"},"C:\\Users\\devsh\\Downloads\\dinesmart\\dinesmart-backend\\src\\infrastructure\\db\\models\\ActivityLog.js":{"path":"C:\\Users\\devsh\\Downloads\\dinesmart\\dinesmart-backend\\src\\infrastructure\\db\\models\\ActivityLog.js","statementMap":{"0":{"start":{"line":1,"column":17},"end":{"line":1,"column":36}},"1":{"start":{"line":7,"column":26},"end":{"line":101,"column":1}},"2":{"start":{"line":104,"column":0},"end":{"line":104,"column":43}},"3":{"start":{"line":105,"column":0},"end":{"line":105,"column":52}},"4":{"start":{"line":106,"column":0},"end":{"line":106,"column":56}},"5":{"start":{"line":107,"column":0},"end":{"line":107,"column":60}},"6":{"start":{"line":108,"column":0},"end":{"line":108,"column":54}},"7":{"start":{"line":111,"column":0},"end":{"line":120,"column":2}},"8":{"start":{"line":112,"column":2},"end":{"line":119,"column":3}},"9":{"start":{"line":113,"column":16},"end":{"line":113,"column":33}},"10":{"start":{"line":114,"column":4},"end":{"line":114,"column":21}},"11":{"start":{"line":115,"column":4},"end":{"line":115,"column":15}},"12":{"start":{"line":117,"column":4},"end":{"line":117,"column":52}},"13":{"start":{"line":118,"column":4},"end":{"line":118,"column":16}},"14":{"start":{"line":122,"column":0},"end":{"line":122,"column":66}}},"fnMap":{"0":{"name":"(anonymous_0)","decl":{"start":{"line":111,"column":32},"end":{"line":111,"column":33}},"loc":{"start":{"line":111,"column":56},"end":{"line":120,"column":1}},"line":111}},"branchMap":{},"s":{"0":1,"1":1,"2":1,"3":1,"4":1,"5":1,"6":1,"7":1,"8":5,"9":5,"10":5,"11":5,"12":0,"13":0,"14":1},"f":{"0":5},"b":{},"_coverageSchema":"1a1c01bbd47fc00a2c39e90264f33305004495a9","hash":"3e8f09ab89ce58d66fee7f10affc01d122cf07ba","contentHash":"e7d8ce4636534f1018d8e91813ef3b1bb1387d7d56ea5e1f9818a65f879fe226"},"C:\\Users\\devsh\\Downloads\\dinesmart\\dinesmart-backend\\src\\infrastructure\\repositories\\transactionLog.repository.js":{"path":"C:\\Users\\devsh\\Downloads\\dinesmart\\dinesmart-backend\\src\\infrastructure\\repositories\\transactionLog.repository.js","statementMap":{"0":{"start":{"line":1,"column":23},"end":{"line":1,"column":61}},"1":{"start":{"line":5,"column":16},"end":{"line":5,"column":40}},"2":{"start":{"line":6,"column":4},"end":{"line":6,"column":22}},"3":{"start":{"line":10,"column":16},"end":{"line":10,"column":43}},"4":{"start":{"line":11,"column":4},"end":{"line":15,"column":5}},"5":{"start":{"line":12,"column":6},"end":{"line":14,"column":7}},"6":{"start":{"line":13,"column":8},"end":{"line":13,"column":53}},"7":{"start":{"line":16,"column":4},"end":{"line":16,"column":55}},"8":{"start":{"line":16,"column":22},"end":{"line":16,"column":55}},"9":{"start":{"line":17,"column":4},"end":{"line":17,"column":58}},"10":{"start":{"line":17,"column":23},"end":{"line":17,"column":58}},"11":{"start":{"line":18,"column":4},"end":{"line":18,"column":55}},"12":{"start":{"line":18,"column":22},"end":{"line":18,"column":55}},"13":{"start":{"line":19,"column":4},"end":{"line":19,"column":43}},"14":{"start":{"line":19,"column":22},"end":{"line":19,"column":43}},"15":{"start":{"line":20,"column":4},"end":{"line":20,"column":17}},"16":{"start":{"line":24,"column":4},"end":{"line":24,"column":49}},"17":{"start":{"line":28,"column":4},"end":{"line":28,"column":46}},"18":{"start":{"line":32,"column":0},"end":{"line":32,"column":42}}},"fnMap":{"0":{"name":"(anonymous_0)","decl":{"start":{"line":4,"column":2},"end":{"line":4,"column":3}},"loc":{"start":{"line":4,"column":21},"end":{"line":7,"column":3}},"line":4},"1":{"name":"(anonymous_1)","decl":{"start":{"line":9,"column":2},"end":{"line":9,"column":3}},"loc":{"start":{"line":9,"column":35},"end":{"line":21,"column":3}},"line":9},"2":{"name":"(anonymous_2)","decl":{"start":{"line":23,"column":2},"end":{"line":23,"column":3}},"loc":{"start":{"line":23,"column":36},"end":{"line":25,"column":3}},"line":23},"3":{"name":"(anonymous_3)","decl":{"start":{"line":27,"column":2},"end":{"line":27,"column":3}},"loc":{"start":{"line":27,"column":28},"end":{"line":29,"column":3}},"line":27}},"branchMap":{"0":{"loc":{"start":{"line":9,"column":21},"end":{"line":9,"column":33}},"type":"default-arg","locations":[{"start":{"line":9,"column":31},"end":{"line":9,"column":33}}],"line":9},"1":{"loc":{"start":{"line":11,"column":4},"end":{"line":15,"column":5}},"type":"if","locations":[{"start":{"line":11,"column":4},"end":{"line":15,"column":5}},{"start":{},"end":{}}],"line":11},"2":{"loc":{"start":{"line":16,"column":4},"end":{"line":16,"column":55}},"type":"if","locations":[{"start":{"line":16,"column":4},"end":{"line":16,"column":55}},{"start":{},"end":{}}],"line":16},"3":{"loc":{"start":{"line":17,"column":4},"end":{"line":17,"column":58}},"type":"if","locations":[{"start":{"line":17,"column":4},"end":{"line":17,"column":58}},{"start":{},"end":{}}],"line":17},"4":{"loc":{"start":{"line":18,"column":4},"end":{"line":18,"column":55}},"type":"if","locations":[{"start":{"line":18,"column":4},"end":{"line":18,"column":55}},{"start":{},"end":{}}],"line":18},"5":{"loc":{"start":{"line":19,"column":4},"end":{"line":19,"column":43}},"type":"if","locations":[{"start":{"line":19,"column":4},"end":{"line":19,"column":43}},{"start":{},"end":{}}],"line":19},"6":{"loc":{"start":{"line":23,"column":23},"end":{"line":23,"column":34}},"type":"default-arg","locations":[{"start":{"line":23,"column":32},"end":{"line":23,"column":34}}]
[...]
,"column":32}},"6":{"start":{"line":10,"column":0},"end":{"line":15,"column":2}},"7":{"start":{"line":11,"column":2},"end":{"line":14,"column":34}},"8":{"start":{"line":12,"column":17},"end":{"line":12,"column":69}},"9":{"start":{"line":13,"column":4},"end":{"line":13,"column":50}},"10":{"start":{"line":14,"column":20},"end":{"line":14,"column":32}},"11":{"start":{"line":17,"column":0},"end":{"line":22,"column":2}},"12":{"start":{"line":18,"column":2},"end":{"line":21,"column":34}},"13":{"start":{"line":19,"column":17},"end":{"line":19,"column":67}},"14":{"start":{"line":20,"column":4},"end":{"line":20,"column":50}},"15":{"start":{"line":21,"column":20},"end":{"line":21,"column":32}},"16":{"start":{"line":24,"column":0},"end":{"line":29,"column":2}},"17":{"start":{"line":25,"column":2},"end":{"line":28,"column":34}},"18":{"start":{"line":26,"column":17},"end":{"line":26,"column":82}},"19":{"start":{"line":27,"column":4},"end":{"line":27,"column":50}},"20":{"start":{"line":28,"column":20},"end":{"line":28,"column":32}},"21":{"start":{"line":31,"column":0},"end":{"line":36,"column":2}},"22":{"start":{"line":32,"column":2},"end":{"line":35,"column":34}},"23":{"start":{"line":33,"column":17},"end":{"line":33,"column":87}},"24":{"start":{"line":34,"column":4},"end":{"line":34,"column":50}},"25":{"start":{"line":35,"column":20},"end":{"line":35,"column":32}},"26":{"start":{"line":38,"column":0},"end":{"line":43,"column":2}},"27":{"start":{"line":39,"column":2},"end":{"line":42,"column":34}},"28":{"start":{"line":40,"column":17},"end":{"line":40,"column":77}},"29":{"start":{"line":41,"column":4},"end":{"line":41,"column":50}},"30":{"start":{"line":42,"column":20},"end":{"line":42,"column":32}},"31":{"start":{"line":45,"column":0},"end":{"line":50,"column":2}},"32":{"start":{"line":46,"column":2},"end":{"line":49,"column":34}},"33":{"start":{"line":47,"column":17},"end":{"line":47,"column":74}},"34":{"start":{"line":48,"column":4},"end":{"line":48,"column":50}},"35":{"start":{"line":49,"column":20},"end":{"line":49,"column":32}},"36":{"start":{"line":52,"column":0},"end":{"line":57,"column":2}},"37":{"start":{"line":53,"column":2},"end":{"line":56,"column":34}},"38":{"start":{"line":54,"column":17},"end":{"line":54,"column":75}},"39":{"start":{"line":55,"column":4},"end":{"line":55,"column":106}},"40":{"start":{"line":56,"column":20},"end":{"line":56,"column":32}},"41":{"start":{"line":59,"column":0},"end":{"line":64,"column":2}},"42":{"start":{"line":60,"column":2},"end":{"line":63,"column":34}},"43":{"start":{"line":61,"column":17},"end":{"line":61,"column":92}},"44":{"start":{"line":62,"column":4},"end":{"line":62,"column":50}},"45":{"start":{"line":63,"column":20},"end":{"line":63,"column":32}},"46":{"start":{"line":66,"column":0},"end":{"line":71,"column":2}},"47":{"start":{"line":67,"column":2},"end":{"line":70,"column":34}},"48":{"start":{"line":68,"column":17},"end":{"line":68,"column":120}},"49":{"start":{"line":69,"column":4},"end":{"line":69,"column":94}},"50":{"start":{"line":70,"column":20},"end":{"line":70,"column":32}}},"fnMap":{"0":{"name":"(anonymous_0)","decl":{"start":{"line":3,"column":19},"end":{"line":3,"column":20}},"loc":{"start":{"line":3,"column":45},"end":{"line":8,"column":1}},"line":3},"1":{"name":"(anonymous_1)","decl":{"start":{"line":10,"column":18},"end":{"line":10,"column":19}},"loc":{"start":{"line":10,"column":44},"end":{"line":15,"column":1}},"line":10},"2":{"name":"(anonymous_2)","decl":{"start":{"line":17,"column":21},"end":{"line":17,"column":22}},"loc":{"start":{"line":17,"column":47},"end":{"line":22,"column":1}},"line":17},"3":{"name":"(anonymous_3)","decl":{"start":{"line":24,"column":21},"end":{"line":24,"column":22}},"loc":{"start":{"line":24,"column":47},"end":{"line":29,"column":1}},"line":24},"4":{"name":"(anonymous_4)","decl":{"start":{"line":31,"column":28},"end":{"line":31,"column":29}},"loc":{"start":{"line":31,"column":54},"end":{"line":36,"column":1}},"line":31},"5":{"name":"(anonymous_5)","decl":{"start":{"line":38,"column":30},"end":{"line":38,"column":31}},"loc":{"start":{"line":38,"column":56},"end":{"line":43,"column":1}},"line":38},"6":{"name":"(anonymous_6)","decl":{"start":{"line":45,"column":28},"end":{"line":45,"column":29}},"loc":{"start":{"line":45,"column":54},"end":{"line":50,"column":1}},"line":45},"7":{"name":"(anonymous_7)","decl":{"start":{"line":52,"column":24},"end":{"line":52,"column":25}},"loc":{"start":{"line":52,"column":50},"end":{"line":57,"column":1}},"line":52},"8":{"name":"(anonymous_8)","decl":{"start":{"line":59,"column":29},"end":{"line":59,"column":30}},"loc":{"start":{"line":59,"column":55},"end":{"line":64,"column":1}},"line":59},"9":{"name":"(anonymous_9)","decl":{"start":{"line":66,"column":27},"end":{"line":66,"column":28}},"loc":{"start":{"line":66,"column":53},"end":{"line":71,"column":1}},"line":66}},"branchMap":{},"s":{"0":1,"1":1,"2":0,"3":0,"4":0,"5":0,"6":1,"7":0,"8":0,"9":0,"10":0,"11":1,"12":0,"13":0,"14":0,"15":0,"16":1,"17":0,"18":0,"19":0,"20":0,"21":1,"22":0,"23":0,"24":0,"25":0,"26":1,"27":0,"28":0,"29":0,"30":0,"31":1,"32":0,"33":0,"34":0,"35":0,"36":1,"37":0,"38":0,"39":0,"40":0,"41":1,"42":0,"43":0,"44":0,"45":0,"46":1,"47":0,"48":0,"49":0,"50":0},"f":{"0":0,"1":0,"2":0,"3":0,"4":0,"5":0,"6":0,"7":0,"8":0,"9":0},"b":{},"_coverageSchema":"1a1c01bbd47fc00a2c39e90264f33305004495a9","hash":"800eda7159cfcf8e4e280b22fff006d22b374020","contentHash":"368f2cd9bf0f2b25d63aaff6e98f72951e7e887c4667736bc98b7b88be859198"},"C:\\Users\\devsh\\Downloads\\dinesmart\\dinesmart-backend\\src\\interfaces\\http\\routes\\checkout.routes.js":{"path":"C:\\Users\\devsh\\Downloads\\dinesmart\\dinesmart-backend\\src\\interfaces\\http\\routes\\checkout.routes.js","statementMap":{"0":{"start":{"line":1,"column":16},"end":{"line":1,"column":34}},"1":{"start":{"line":2,"column":15},"end":{"line":2,"column":31}},"2":{"start":{"line":3,"column":27},"end":{"line":3,"column":72}},"3":{"start":{"line":4,"column":41},"end":{"line":4,"column":82}},"4":{"start":{"line":9,"column":0},"end":{"line":9,"column":66}},"5":{"start":{"line":12,"column":0},"end":{"line":12,"column":57}},"6":{"start":{"line":15,"column":0},"end":{"line":15,"column":71}},"7":{"start":{"line":18,"column":0},"end":{"line":18,"column":75}},"8":{"start":{"line":21,"column":0},"end":{"line":21,"column":71}},"9":{"start":{"line":26,"column":0},"end":{"line":31,"column":2}},"10":{"start":{"line":34,"column":0},"end":{"line":39,"column":2}},"11":{"start":{"line":42,"column":0},"end":{"line":47,"column":2}},"12":{"start":{"line":50,"column":0},"end":{"line":55,"column":2}},"13":{"start":{"line":57,"column":0},"end":{"line":57,"column":24}}},"fnMap":{},"branchMap":{},"s":{"0":1,"1":1,"2":1,"3":1,"4":1,"5":1,"6":1,"7":1,"8":1,"9":1,"10":1,"11":1,"12":1,"13":1},"f":{},"b":{},"_coverageSchema":"1a1c01bbd47fc00a2c39e90264f33305004495a9","hash":"1a7f5375b1f29f2d3878d85f9dfad5dddfd66738","contentHash":"a62d57f11f6bdf8b90b7e84c6209f0a0210d323ea5cbb4d5e4a92f82c39ba060"},"C:\\Users\\devsh\\Downloads\\dinesmart\\dinesmart-backend\\src\\interfaces\\http\\controllers\\checkout.controller.js":{"path":"C:\\Users\\devsh\\Downloads\\dinesmart\\dinesmart-backend\\src\\interfaces\\http\\controllers\\checkout.controller.js","statementMap":{"0":{"start":{"line":1,"column":11},"end":{"line":1,"column":40}},"1":{"start":{"line":3,"column":0},"end":{"line":8,"column":2}},"2":{"start":{"line":4,"column":2},"end":{"line":7,"column":34}},"3":{"start":{"line":5,"column":17},"end":{"line":5,"column":74}},"4":{"start":{"line":6,"column":4},"end":{"line":6,"column":50}},"5":{"start":{"line":7,"column":20},"end":{"line":7,"column":32}},"6":{"start":{"line":10,"column":0},"end":{"line":16,"column":2}},"7":{"start":{"line":11,"column":2},"end":{"line":15,"column":34}},"8":{"start":{"line":12,"column":15},"end":{"line":12,"column":32}},"9":{"start":{"line":13,"column":17},"end":{"line":13,"column":75}},"10":{"start":{"line":14,"column":4},"end":{"line":14,"column":123}},"11":{"start":{"line":15,"column":20},"end":{"line":15,"column":32}},"12":{"start":{"line":18,"column":0},"end":{"line":23,"column":2}},"13":{"start":{"line":19,"column":2},"end":{"line":22,"column":34}},"14":{"start":{"line":20,"column":17},"end":{"line":20,"column":81}},"15":{"start":{"line":21,"column":4},"end":{"line":21,"column":50}},"16":{"start":{"line":22,"column":20},"end":{"line":22,"column":32}},"17":{"start":{"line":25,"column":0},"end":{"line":30,"column":2}},"18":{"start":{"line":26,"column":2},"end":{"line":29,"column":34}},"19":{"start":{"line":27,"column":17},"end":{"line":27,"column":68}},"20":{"start":{"line":28,"column":4},"end":{"line":28,"column":50}},"21":{"start":{"line":29,"column":20},"end":{"line":29,"column":32}},"22":{"start":{"line":32,"column":0},"end":{"line":37,"column":2}},"23":{"start":{"line":33,"column":2},"end":{"line":36,"column":34}},"24":{"start":{"line":34,"column":17},"end":{"line":34,"column":66}},"25":{"start":{"line":35,"column":4},"end":{"line":35,"column":70}},"26":{"start":{"line":36,"column":20},"end":{"line":36,"column":32}},"27":{"start":{"line":39,"column":0},"end":{"line":47,"column":2}},"28":{"start":{"line":40,"column":2},"end":{"line":46,"column":34}},"29":{"start":{"line":41,"column":17},"end":{"line":41,"column":86}},"30":{"start":{"line":42,"column":20},"end":{"line":44,"column":45}},"31":{"start":{"line":45,"column":4},"end":{"line":45,"column":59}},"32":{"start":{"line":46,"column":20},"end":{"line":46,"column":32}},"33":{"start":{"line":49,"column":0},"end":{"line":57,"column":2}},"34":{"start":{"line":50,"column":2},"end":{"line":56,"column":34}},"35":{"start":{"line":51,"column":17},"end":{"line":51,"column":77}},"36":{"start":{"line":52,"column":20},"end":{"line":54,"column":47}},"37":{"start":{"line":55,"column":4},"end":{"line":55,"column":59}},"38":{"start":{"line":56,"column":20},"end":{"line":56,"column":32}},"39":{"start":{"line":59,"column":0},"end":{"line":64,"column":2}},"40":{"start":{"line":60,"column":2},"end":{"line":63,"column":34}},"41":{"start":{"line":61,"column":17},"end":{"line":61,"column":84}},"42":{"start":{"line":62,"column":4},"end":{"line":62,"column":50}},"43":{"start":{"line":63,"column":20},"end":{"line":63,"column":32}},"44":{"start":{"line":66,"column":0},"end":{"line":71,"column":2}},"45":{"start":{"line":67,"column":2},"end":{"line":70,"column":34}},"46":{"start":{"line":68,"column":17},"end":{"line":68,"column":89}},"47":{"start":{"line":69,"column":4},"end":{"line":69,"column":113}},"48":{"start":{"line":70,"column":20},"end":{"line":70,"column":32}}},"fnMap":{"0":{"name":"(anonymous_0)","decl":{"start":{"line":3,"column":32},"end":{"line":3,"column":33}},"loc":{"start":{"line":3,"column":58},"end":{"line":8,"column":1}},"line":3},"1":{"name":"(anonymous_1)","decl":{"start":{"line":10,"column":24},"end":{"line":10,"column":25}},"loc":{"start":{"line":10,"column":50},"end":{"line":16,"column":1}},"line":10},"2":{"name":"(anonymous_2)","decl":{"start":{"line":18,"column":27},"end":{"line":18,"column":28}},"loc":{"start":{"line":18,"column":53},"end":{"line":23,"column":1}},"line":18},"3":{"name":"(anonymous_3)","decl":{"start":{"line":25,"column":25},"end":{"line":25,"column":26}},"loc":{"start":{"line":25,"column":51},"end":{"line":30,"column":1}},"line":25},"4":{"name":"(anonymous_4)","decl":{"start":{"line":32,"column":32},"end":{"line":32,"column":33}},"loc":{"start":{"line":32,"column":58},"end":{"line":37,"column":1}},"line":32},"5":{"name":"(anonymous_5)","decl":{"start":{"line":39,"column":32},"end":{"line":39,"column":33}},"loc":{"start":{"line":39,"column":58},"end":{"line":47,"column":1}},"line":39},"6":{"name":"(anonymous_6)","decl":{"start":{"line":49,"column":23},"end":{"line":49,"column":24}},"loc":{"start":{"line":49,"column":49},"end":{"line":57,"column":1}},"line":49},"7":{"name":"(anonymous_7)","decl":{"start":{"line":59,"column":34},"end":{"line":59,"column":35}},"loc":{"start":{"line":59,"column":60},"end":{"line":64,"column":1}},"line":59},"8":{"name":"(anonymous_8)","decl":{"start":{"line":66,"column":29},"end":{"line":66,"column":30}},"loc":{"start":{"line":66,"column":55},"end":{"line":71,"column":1}},"line":66}},"branchMap":{"0":{"loc":{"start":{"line":42,"column":20},"end":{"line":44,"column":45}},"type":"cond-expr","locations":[{"start":{"line":43,"column":8},"end":{"line":43,"column":104}},{"start":{"line":44,"column":8},"end":{"line":44,"column":45}}],"line":42},"1":{"loc":{"start":{"line":52,"column":20},"end":{"line":54,"column":47}},"type":"cond-expr","locations":[{"start":{"line":53,"column":8},"end":{"line":53,"column":89}},{"start":{"line":54,"column":8},"end":{"line":54,"column":47}}],"line":52}},"s":{"0":1,"1":1,"2":0,"3":0,"4":0,"5":0,"6":1,"7":0,"8":0,"9":0,"10":0,"11":0,"12":1,"13":0,"14":0,"15":0,"16":0,"17":1,"18":0,"19":0,"20":0,"21":0,"22":1,"23":0,"24":0,"25":0,"26":0,"27":1,"28":0,"29":0,"30":0,"31":0,"32":0,"33":1,"34":0,"35":0,"36":0,"37":0,"38":0,"39":1,"40":0,"41":0,"42":0,"43":0,"44":1,"45":0,"46":0,"47":0,"48":0},"f":{"0":0,"1":0,"2":0,"3":0,"4":0,"5":0,"6":0,"7":0,"8":0},"b":{"0":[0,0],"1":[0,0]},"_coverageSchema":"1a1c01bbd47fc00a2c39e90264f33305004495a9","hash":"16651f46c12e181b8185bbe48c0dfbb225e97bd7","contentHash":"c82550e9c3388cfa08d133a3641f5f7d8c3fd904f9fa9accfb1bc0a8bc5e0e5e"},"C:\\Users\\devsh\\Downloads\\dinesmart\\dinesmart-backend\\src\\interfaces\\http\\routes\\inquiry.routes.js":{"path":"C:\\Users\\devsh\\Downloads\\dinesmart\\dinesmart-backend\\src\\interfaces\\http\\routes\\inquiry.routes.js","statementMap":{"0":{"start":{"line":1,"column":16},"end":{"line":1,"column":34}},"1":{"start":{"line":2,"column":15},"end":{"line":2,"column":31}},"2":{"start":{"line":3,"column":12},"end":{"line":3,"column":26}},"3":{"start":{"line":12,"column":4},"end":{"line":12,"column":48}},"4":{"start":{"line":13,"column":36},"end":{"line":13,"column":77}},"5":{"start":{"line":14,"column":17},"end":{"line":14,"column":64}},"6":{"start":{"line":17,"column":28},"end":{"line":27,"column":2}},"7":{"start":{"line":29,"column":0},"end":{"line":29,"column":69}},"8":{"start":{"line":32,"column":0},"end":{"line":32,"column":72}},"9":{"start":{"line":33,"column":0},"end":{"line":33,"column":70}},"10":{"start":{"line":34,"column":0},"end":{"line":34,"column":88}},"11":{"start":{"line":35,"column":0},"end":{"line":35,"column":80}},"12":{"start":{"line":36,"column":0},"end":{"line":36,"column":86}},"13":{"start":{"line":37,"column":0},"end":{"line":37,"column":102}},"14":{"start":{"line":39,"column":0},"end":{"line":39,"column":24}}},"fnMap":{},"branchMap":{},"s":{"0":1,"1":1,"2":1,"3":1,"4":1,"5":1,"6":1,"7":1,"8":1,"9":1,"10":1,"11":1,"12":1,"13":1,"14":1},"f":{},"b":{},"_coverageSchema":"1a1c01bbd47fc00a2c39e90264f33305004495a9","hash":"03efc7b35c506521f62257be008bbdbaa23362c6","contentHash":"5a9325e19d95fd27ae55a12c4eacd09518f14cf57e61aa1ab26007d05d06dd66"},"C:\\Users\\devsh\\Downloads\\dinesmart\\dinesmart-backend\\src\\interfaces\\http\\controllers\\inquiry.controller.js":{"path":"C:\\Users\\devsh\\Downloads\\dinesmart\\dinesmart-backend\\src\\interfaces\\http\\controllers\\inquiry.controller.js","statementMap":{"0":{"start":{"line":1,"column":11},"end":{"line":1,"column":40}},"1":{"start":{"line":3,"column":0},"end":{"line":8,"column":2}},"2":{"start":{"line":4,"column":2},"end":{"line":7,"column":34}},"3":{"start":{"line":5,"column":17},"end":{"line":5,"column":65}},"4":{"start":{"line":6,"column":4},"end":{"line":6,"column":120}},"5":{"start":{"line":7,"column":20},"end":{"line":7,"column":32}},"6":{"start":{"line":10,"column":0},"end":{"line":15,"column":2}},"7":{"start":{"line":11,"column":2},"end":{"line":14,"column":34}},"8":{"start":{"line":12,"column":17},"end":{"line":12,"column":68}},"9":{"start":{"line":13,"column":4},"end":{"line":13,"column":50}},"10":{"start":{"line":14,"column":20},"end":{"line":14,"column":32}},"11":{"start":{"line":17,"column":0},"end":{"line":22,"column":2}},"12":{"start":{"line":18,"column":2},"end":{"line":21,"column":34}},"13":{"start":{"line":19,"column":17},"end":{"line":19,"column":67}},"14":{"start":{"line":20,"column":4},"end":{"line":20,"column":50}},"15":{"start":{"line":21,"column":20},"end":{"line":21,"column":32}},"16":{"start":{"line":24,"column":0},"end":{"line":29,"column":2}},"17":{"start":{"line":25,"column":2},"end":{"line":28,"column":34}},"18":{"start":{"line":26,"column":17},"end":{"line":26,"column":70}},"19":{"start":{"line":27,"column":4},"end":{"line":27,"column":90}},"20":{"start":{"line":28,"column":20},"end":{"line":28,"column":32}},"21":{"start":{"line":31,"column":0},"end":{"line":36,"column":2}},"22":{"start":{"line":32,"column":2},"end":{"line":35,"column":34}},"23":{"start":{"line":33,"column":17},"end":{"line":33,"column":70}},"24":{"start":{"line":34,"column":4},"end":{"line":34,"column":79}},"25":{"start":{"line":35,"column":20},"end":{"line":35,"column":32}},"26":{"start":{"line":38,"column":0},"end":{"line":46,"column":2}},"27":{"start":{"line":39,"column":2},"end":{"line":45,"column":34}},"28":{"start":{"line":40,"column":19},"end":{"line":40,"column":93}},"29":{"start":{"line":41,"column":20},"end":{"line":43,"column":116}},"30":{"start":{"line":44,"column":4},"end":{"line":44,"column":206}},"31":{"start":{"line":45,"column":20},"end":{"line":45,"column":32}},"32":{"start":{"line":48,"column":0},"end":{"line":53,"column":2}},"33":{"start":{"line":49,"column":2},"end":{"line":52,"column":34}},"34":{"start":{"line":50,"column":4},"end":{"line":50,"column":67}},"35":{"start":{"line":51,"column":4},"end":{"line":51,"column":94}},"36":{"start":{"line":52,"column":20},"end":{"line":52,"column":32}}},"fnMap":{"0":{"name":"(anonymous_0)","decl":{"start":{"line":3,"column":24},"end":{"line":3,"column":25}},"loc":{"start":{"line":3,"column":50},"end":{"line":8,"column":1}},"line":3},"1":{"name":"(anonymous_1)","decl":{"start":{"line":10,"column":26},"end":{"line":10,"column":27}},"loc":{"start":{"line":10,"column":52},"end":{"line":15,"column":1}},"line":10},"2":{"name":"(anonymous_2)","decl":{"start":{"line":17,"column":21},"end":{"line":17,"column":22}},"loc":{"start":{"line":17,"column":47},"end":{"line":22,"column":1}},"line":17},"3":{"name":"(anonymous_3)","decl":{"start":{"line":24,"column":24},"end":{"line":24,"column":25}},"loc":{"start":{"line":24,"column":50},"end":{"line":29,"column":1}},"line":24},"4":{"name":"(anonymous_4)","decl":{"start":{"line":31,"column":24},"end":{"line":31,"column":25}},"loc":{"start":{"line":31,"column":50},"end":{"line":36,"column":1}},"line":31},"5":{"name":"(anonymous_5)","decl":{"start":{"line":38,"column":28},"end":{"line":38,"column":29}},"loc":{"start":{"line":38,"column":54},"end":{"line":46,"column":1}},"line":38},"6":{"name":"(anonymous_6)","decl":{"start":{"line":48,"column":33},"end":{"line":48,"column":34}},"loc":{"start":{"line":48,"column":59},"end":{"line":53,"column":1}},"line":48}},"branchMap":{"0":{"loc":{"start":{"line":41,"column":20},"end":{"line":43,"column":116}},"type":"cond-expr","locations":[{"start":{"line":42,"column":8},"end":{"line":42,"column":76}},{"start":{"line":43,"column":8},"end":{"line":43,"column":116}}],"line":41},"1":{"loc":{"start":{"line":44,"column":147},"end":{"line":44,"column":201}},"type":"binary-expr","locations":[{"start":{"line":44,"column":147},"end":{"line":44,"column":164}},{"start":{"line":44,"column":168},"end":{"line":44,"column":201}}],"line":44}},"s":{"0":1,"1":1,"2":0,"3":0,"4":0,"5":0,"6":1,"7":0,"8":0,"9":0,"10":0,"11":1,"12":0,"13":0,"14":0,"15":0,"16":1,"17":0,"18":0,"19":0,"20":0,"21":1,"22":0,"23":0,"24":0,"25":0,"26":1,"27":0,"28":0,"29":0,"30":0,"31":0,"32":1,"33":0,"34":0,"35":0,"36":0},"f":{"0":0,"1":0,"2":0,"3":0,"4":0,"5":0,"6":0},"b":{"0":[0,0],"1":[0,0]},"_coverageSchema":"1a1c01bbd47fc00a2c39e90264f33305004495a9","hash":"5483a7fc2566c8ef68fdc64c630124213a8c1e41","contentHash":"b20b7f17f008dab90ab1eb3fa128a4f59eb635c3b7d4f6b443bbc9ee21e7120e"}}